[7/8/2016 03:42:38] Authenticated: default (client->admin)
[7/8/2016 03:42:38] Herpy(4)(183)(Admin)GM Tools: access granted (3)
[7/8/2016 03:42:56] Herpy(4)(183)(Admin)command param 0 432
[7/8/2016 03:43:01] Herpy(4)(183)(Admin)command param 0 432 2
[7/8/2016 03:43:11] Herpy(4)(183)(Admin)command param 0 433 2
[7/8/2016 03:43:27] Herpy(4)(183)(Admin)command param 0 434 2
[7/8/2016 03:43:33] Herpy(4)(183)(Admin)command param 0 435 2
[7/8/2016 03:43:38] Herpy(4)(183)(Admin)GM Tools: access granted (3)
[7/8/2016 03:44:03] Herpy(4)(183)(Admin)command param 0 462 2
[7/8/2016 03:44:38] Herpy(4)(183)(Admin)GM Tools: access granted (3)
[7/8/2016 03:44:39] Herpy(4)(183)(Admin)command xp -a 10000
[7/8/2016 03:45:00] Herpy(4)(183)(Admin)command param 0 463 2
[7/8/2016 03:45:15] Herpy(4)(183)(Admin)command param 0 464 2
[7/8/2016 03:45:19] Herpy(4)(183)(Admin)command param 0 465 2
[7/8/2016 03:45:22] Herpy(4)(183)(Admin)command param 0 466 2
[7/8/2016 03:45:25] Herpy(4)(183)(Admin)command param 0 467 2
[7/8/2016 03:45:28] Herpy(4)(183)(Admin)command param 0 468 2
[7/8/2016 03:45:31] Herpy(4)(183)(Admin)command param 0 469 2
[7/8/2016 03:45:38] Herpy(4)(183)(Admin)GM Tools: access granted (3)
[7/8/2016 03:45:44] Herpy(4)(183)(Admin)command xp -a 10000
[7/8/2016 03:46:03] Herpy(4)(183)(Admin)command xp -a 20000
[7/8/2016 03:46:19] Herpy(4)(183)(Admin)command xp -a 20000
[7/8/2016 03:46:26] Herpy(4)(183)(Admin)command xp -a 20000
[7/8/2016 03:46:38] Herpy(4)(183)(Admin)GM Tools: access granted (3)
[7/8/2016 03:46:53] Herpy(4)(183)(Admin)command xp -a 20000
[7/8/2016 03:46:57] Herpy(4)(183)(Admin)command xp -a 20000
[7/8/2016 03:47:13] Herpy(4)(183)(Admin)command xp -a 20000
[7/8/2016 03:47:20] Herpy(4)(183)(Admin)command xp -a 20000
[7/8/2016 03:47:22] Herpy(4)(183)(Admin)command xp -a 20000
[7/8/2016 03:47:34] Herpy(4)(183)(Admin)command xp -a 20000
[7/8/2016 03:47:34] Herpy(4)(183)(Admin)command xp -a 20000
[7/8/2016 03:47:38] Herpy(4)(183)(Admin)GM Tools: access granted (3)
[7/8/2016 03:47:44] Herpy(4)(183)(Admin)command xp -a 20000
[7/8/2016 03:47:45] Herpy(4)(183)(Admin)command xp -a 20000
[7/8/2016 03:47:52] Herpy(4)(183)(Admin)command xp -a 20000
[7/8/2016 03:48:30] Herpy(4)(183)(Admin)command xp -a 200000
[7/8/2016 03:48:38] Herpy(4)(183)(Admin)GM Tools: access granted (3)
[7/8/2016 03:48:38] Herpy(4)(183)(Admin)command xp -a 200000
[7/8/2016 03:48:45] Herpy(4)(183)(Admin)command xp -a 200000
[7/8/2016 03:48:47] Herpy(4)(183)(Admin)command xp -a 200000
[7/8/2016 03:49:38] Herpy(4)(183)(Admin)GM Tools: access granted (3)
[7/8/2016 03:49:50] Herpy(4)(183)(Admin)command xp -a 200000
[7/8/2016 03:49:52] Herpy(4)(183)(Admin)command xp -a 200000
[7/8/2016 03:50:02] Herpy(4)(183)(Admin)command xp -a 400000
[7/8/2016 03:50:19] Herpy(4)(183)(Admin)command xp -a 500000
[7/8/2016 03:50:34] Herpy(4)(183)(Admin)command xp -a 500000
[7/8/2016 03:50:38] Herpy(4)(183)(Admin)GM Tools: access granted (3)
[7/8/2016 03:50:44] Herpy(4)(183)(Admin)command xp -a 500000
[7/8/2016 03:50:50] Herpy(4)(183)(Admin)command xp -a 500000
[7/8/2016 03:50:58] Herpy(4)(183)(Admin)command xp -a 500000
[7/8/2016 03:51:03] Herpy(4)(183)(Admin)command xp -a 500000
[7/8/2016 03:51:15] Herpy(4)(183)(Admin)command xp -a 500000
[7/8/2016 03:51:25] Herpy(4)(183)(Admin)command xp -a 500000
[7/8/2016 03:51:29] Herpy(4)(183)(Admin)command xp -a 500000
[7/8/2016 03:51:38] Herpy(4)(183)(Admin)GM Tools: access granted (3)
[7/8/2016 03:51:43] Herpy(4)(183)(Admin)command xp -a 800000
[7/8/2016 03:51:54] Herpy(4)(183)(Admin)command xp -a 1000000
[7/8/2016 03:52:01] Herpy(4)(183)(Admin)command xp -a 1000000
[7/8/2016 03:52:08] Herpy(4)(183)(Admin)command xp -a 1000000
[7/8/2016 03:52:20] Herpy(4)(183)(Admin)command xp -a 2000000
[7/8/2016 03:52:27] Herpy(4)(183)(Admin)command xp -a 2000000
[7/8/2016 03:52:34] Herpy(4)(183)(Admin)command xp -a 2000000
[7/8/2016 03:52:38] Herpy(4)(183)(Admin)GM Tools: access granted (3)
[7/8/2016 03:52:46] Herpy(4)(183)(Admin)command xp -a 2000000
[7/8/2016 03:53:00] Herpy(4)(183)(Admin)command xp -a 1000000
[7/8/2016 03:53:10] Herpy(4)(183)(Admin)command xp -a 1500000
[7/8/2016 03:53:17] Herpy(4)(183)(Admin)command xp -a 1500000
[7/8/2016 03:53:23] Herpy(4)(183)(Admin)command xp -a 1500000
[7/8/2016 03:53:36] Herpy(4)(183)(Admin)command xp -a 2000000
[7/8/2016 03:53:38] Herpy(4)(183)(Admin)GM Tools: access granted (3)
[7/8/2016 03:53:43] Herpy(4)(183)(Admin)command xp -a 2000000
[7/8/2016 03:54:01] Herpy(4)(183)(Admin)command xp -a 2000000
[7/8/2016 03:54:08] Herpy(4)(183)(Admin)command xp -a 2000000
[7/8/2016 03:54:20] Herpy(4)(183)(Admin)command xp -a 2000000
[7/8/2016 03:54:29] Herpy(4)(183)(Admin)command xp -a 2000000
[7/8/2016 03:54:38] Herpy(4)(183)(Admin)GM Tools: access granted (3)
[7/8/2016 03:54:45] Herpy(4)(183)(Admin)command xp -a 2000000
[7/8/2016 03:54:55] Herpy(4)(0)(Admin) has entered worldmap
[7/8/2016 03:55:03] Herpy(4)(0)(Admin)command xp -a 2000000
[7/8/2016 03:55:14] Herpy(4)(0)(Admin)command xp -a 2000000
[7/8/2016 03:55:27] Herpy(4)(0)(Admin)command xp -a 2500000
[7/8/2016 03:55:34] Herpy(4)(0)(Admin)command xp -a 2500000
[7/8/2016 03:55:39] Herpy(4)(0)(Admin)GM Tools: access granted (3)
[7/8/2016 03:55:41] Herpy(4)(0)(Admin)command xp -a 2500000
[7/8/2016 03:55:55] Herpy(4)(0)(Admin)command xp -a 2500000
[7/8/2016 03:56:03] Herpy(4)(0)(Admin)command xp -a 2500000
[7/8/2016 03:56:11] Herpy(4)(0)(Admin)command xp -a 2500000
[7/8/2016 03:56:39] Herpy(4)(0)(Admin)GM Tools: access granted (3)
[7/8/2016 03:57:34] Herpy(4)(0)(Admin)command xp -a 2500000
[7/8/2016 03:57:39] Herpy(4)(0)(Admin)GM Tools: access granted (3)
[7/8/2016 03:58:24] Herpy(4)(0)(Admin)command xp -a 2500000
[7/8/2016 03:58:38] Herpy(4)(0)(Admin)command xp -a 2500000
[7/8/2016 03:58:39] Herpy(4)(0)(Admin)GM Tools: access granted (3)
[7/8/2016 03:58:47] Herpy(4)(0)(Admin)command xp -a 2500000
[7/8/2016 03:58:57] Herpy(4)(100)(Admin) has entered map 100
[7/8/2016 03:59:17] Herpy(4)(100)(Admin)command xp -a 2500000
[7/8/2016 03:59:27] Herpy(4)(100)(Admin)command xp -a 2500000
[7/8/2016 03:59:39] Herpy(4)(100)(Admin)GM Tools: access granted (3)
[7/8/2016 03:59:45] Herpy(4)(100)(Admin)command xp -a 2500000
[7/8/2016 03:59:53] Herpy(4)(100)(Admin)command xp -a 2500000
[7/8/2016 04:00:00] Herpy(4)(100)(Admin)command xp -a 2500000
[7/8/2016 04:00:07] Herpy(4)(100)(Admin)command xp -a 2500000
[7/8/2016 04:00:16] Herpy(4)(100)(Admin)command xp -a 2500000
[7/8/2016 04:00:22] Herpy(4)(100)(Admin)command xp -a 2500000
[7/8/2016 04:00:30] Herpy(4)(100)(Admin)command xp -a 2500000
[7/8/2016 04:00:39] Herpy(4)(100)(Admin)command xp -a 2500000
[7/8/2016 04:00:39] Herpy(4)(100)(Admin)GM Tools: access granted (3)
[7/8/2016 04:00:45] Herpy(4)(100)(Admin)command xp -a 2500000
[7/8/2016 04:00:58] Herpy(4)(100)(Admin)command xp -a 2500000
[7/8/2016 04:01:07] Herpy(4)(100)(Admin)command xp -a 2500000
[7/8/2016 04:01:19] Herpy(4)(100)(Admin)command xp -a 3000000
[7/8/2016 04:01:26] Herpy(4)(100)(Admin)command xp -a 3000000
[7/8/2016 04:01:32] Herpy(4)(100)(Admin)command xp -a 3000000
[7/8/2016 04:01:39] Herpy(4)(100)(Admin)GM Tools: access granted (3)
[7/8/2016 04:01:45] Herpy(4)(100)(Admin)command xp -a 3000000
[7/8/2016 04:01:53] Herpy(4)(100)(Admin)command xp -a 3000000
[7/8/2016 04:02:03] Herpy(4)(100)(Admin)command xp -a 3000000
[7/8/2016 04:02:11] Herpy(4)(100)(Admin)command xp -a 3000000
[7/8/2016 04:02:39] Herpy(4)(100)(Admin)GM Tools: access granted (3)
[7/8/2016 04:02:59] Herpy(4)(100)(Admin)command xp -a 3000000
[7/8/2016 04:03:39] Herpy(4)(100)(Admin)GM Tools: access granted (3)
[7/8/2016 04:03:43] Herpy(4)(100)(Admin)command xp -a 3000000
[7/8/2016 04:03:46] Herpy(4)(100)(Admin)command xp -a 3000000
[7/8/2016 04:03:56] Herpy(4)(100)(Admin)command xp -a 3000000
[7/8/2016 04:04:06] Herpy(4)(100)(Admin)command xp -a 3000000
[7/8/2016 04:04:39] Herpy(4)(100)(Admin)GM Tools: access granted (3)
[7/8/2016 04:05:21] Herpy(4)(100)(Admin)command param 0 11 10000
[7/8/2016 04:05:27] Herpy(4)(100)(Admin)command param 0 11 1000000
[7/8/2016 04:05:39] Herpy(4)(100)(Admin)GM Tools: access granted (3)
[7/8/2016 04:06:39] Herpy(4)(100)(Admin)GM Tools: access granted (3)
[7/8/2016 04:07:39] Herpy(4)(100)(Admin)GM Tools: access granted (3)
[7/8/2016 04:07:47] Herpy(4)(100)(Admin)command give PID_M72_GAUSS_RIFLE
[7/8/2016 04:08:00] Herpy(4)(100)(Admin)command give 
[7/8/2016 04:08:03] Herpy(4)(100)(Admin)command give PID_2MM_EC_AMMO
[7/8/2016 04:08:09] Herpy(4)(100)(Admin)command give PID_2MM_EC_AMMO 1000
[7/8/2016 04:08:39] Herpy(4)(100)(Admin)GM Tools: access granted (3)
[7/8/2016 04:09:08] Herpy(4)(100)(Admin)command give PID_HARDENED_POWER_HELMET
[7/8/2016 04:12:45] Herpy(4)(100)(Admin)command give PID_VERTIBIRD
[7/8/2016 04:13:13] Herpy(4)(100)(Admin)command give 39 500
[7/8/2016 04:13:22] Herpy(4)(0)(Admin) has entered worldmap
[7/8/2016 04:14:32] Herpy(4)(186)(Admin) has entered map 186
[7/8/2016 04:14:36] Herpy(4)(0)(Admin) has entered worldmap
[7/8/2016 04:14:50] Herpy(4)(0)(Admin)command give 411 150
[7/8/2016 04:15:08] Herpy(4)(0)(Admin)command give 144 150
[7/8/2016 04:15:16] Herpy(4)(22)(Admin) has entered map 22
[7/8/2016 04:18:28] Herpy(4)(22)(Admin)command revive
[7/8/2016 04:19:31] Herpy(4)(22)(Admin)command revive
[7/8/2016 04:20:34] Herpy(4)(22)(Admin)command revive
[7/8/2016 04:21:17] Herpy(4)(22)(Admin)command revive
[7/8/2016 04:21:31] Herpy(4)(22)(Admin)command revive
[7/8/2016 04:22:01] Herpy(4)(22)(Admin)command revive
[7/8/2016 04:22:23] Herpy(4)(22)(Admin)command revive
[7/8/2016 04:22:43] Herpy(4)(22)(Admin)command revive
[7/8/2016 04:23:59] Herpy(4)(22)(Admin)command param 0 72 500
[7/8/2016 04:25:09] Herpy(4)(22)(Admin)command revive
[7/8/2016 04:26:03] Herpy(4)(22)(Admin)command param 0 7 500
[7/8/2016 04:26:47] Herpy(4)(22)(Admin)command revive
[7/8/2016 04:26:53] Herpy(4)(22)(Admin)command param 0 7 900
[7/8/2016 04:27:54] Herpy(4)(22)(Admin)command revive
[7/8/2016 04:28:47] Herpy(4)(22)(Admin)command param 0 8 500
[7/8/2016 04:30:17] Herpy(4)(22)(Admin)command revive
[7/8/2016 04:30:57] Herpy(4)(22)(Admin) dropped item PID 620
[7/8/2016 04:31:20] Herpy(4)(22)(Admin)command param 0 7 1500
[7/8/2016 04:31:30] Herpy(4)(0)(Admin) has entered worldmap
[7/8/2016 04:31:37] Herpy(4)(186)(Admin) has entered map 186
[7/8/2016 04:31:48] Herpy(4)(0)(Admin) has entered worldmap
[7/8/2016 04:33:09] Herpy(4)(191)(Admin) has entered map 191
[7/8/2016 04:33:35] Herpy(4)(0)(Admin) has entered worldmap
[7/8/2016 04:34:04] Herpy(4)(127)(Admin) has entered map 127
[7/8/2016 04:34:19] Herpy(4)(127)(Admin) dropped item PID 411
[7/8/2016 04:35:44] Herpy(4)(127)(Admin)command give PID_YK42B_PULSE_RIFLE
[7/8/2016 04:35:56] Herpy(4)(127)(Admin)command give 39 500
[7/8/2016 04:37:00] Herpy(4)(127)(Admin)command give PID_HARDENED_POWER_ARMOR
[7/8/2016 04:37:05] Herpy(4)(127)(Admin)command give PID_HARDENED_POWER_HELMET
[7/8/2016 04:45:48] Herpy(4)(0)(Admin) has entered worldmap
[7/8/2016 04:45:55] Herpy(4)(130)(Admin) has entered map 130
[7/8/2016 04:46:38] Herpy(4)(130)(Admin)command revive
[7/8/2016 04:46:50] Herpy(4)(130)(Admin)command revive
[7/8/2016 04:46:56] Herpy(4)(130)(Admin)command revive
[7/8/2016 04:47:04] Herpy(4)(130)(Admin)command revive
[7/8/2016 04:47:06] Herpy(4)(130)(Admin)command revive
[7/8/2016 04:47:31] Herpy(4)(130)(Admin)command revive
[7/8/2016 04:47:48] Herpy(4)(130)(Admin)command revive
[7/8/2016 04:47:59] Herpy(4)(130)(Admin)command revive
[7/8/2016 04:48:08] Herpy(4)(130)(Admin)command revive
[7/8/2016 04:48:20] Herpy(4)(130)(Admin)command revive
[7/8/2016 04:48:31] Herpy(4)(130)(Admin)command revive
[7/8/2016 04:48:45] Herpy(4)(130)(Admin)command revive
[7/8/2016 04:48:49] Herpy(4)(130)(Admin)command revive
[7/8/2016 04:49:11] Herpy(4)(130)(Admin)command revive
[7/8/2016 04:49:39] Herpy(4)(130)(Admin)command revive
[7/8/2016 04:49:59] Herpy(4)(130)(Admin)command revive
[7/8/2016 04:50:13] Herpy(4)(130)(Admin)command revive
[7/8/2016 04:50:18] Herpy(4)(130)(Admin)command revive
[7/8/2016 04:50:32] Herpy(4)(130)(Admin)command revive
[7/8/2016 04:50:34] Herpy(4)(130)(Admin)command revive
[7/8/2016 04:50:40] Herpy(4)(130)(Admin)command revive
[7/8/2016 04:50:49] Herpy(4)(130)(Admin)command revive
[7/8/2016 04:50:55] Herpy(4)(130)(Admin)command revive
[7/8/2016 04:51:12] Herpy(4)(130)(Admin)command revive
[7/8/2016 04:51:26] Herpy(4)(130)(Admin)command revive
[7/8/2016 04:51:32] Herpy(4)(130)(Admin)command revive
[7/8/2016 04:51:41] Herpy(4)(130)(Admin)command revive
[7/8/2016 04:51:58] Herpy(4)(130)(Admin)command revive
[7/8/2016 04:52:20] Herpy(4)(130)(Admin)command revive
[7/8/2016 04:52:48] Herpy(4)(0)(Admin) has entered worldmap
[7/8/2016 04:54:18] Herpy(4)(192)(Admin) has entered map 192
[7/8/2016 04:54:31] Herpy(4)(0)(Admin) has entered worldmap
[7/8/2016 04:54:49] Herpy(4)(191)(Admin) has entered map 191
[7/8/2016 04:54:55] Herpy(4)(0)(Admin) has entered worldmap
[7/8/2016 04:56:47] Herpy(4)(195)(Admin) has entered map 195
[7/8/2016 04:56:59] Herpy(4)(0)(Admin) has entered worldmap
[7/8/2016 04:57:07] Herpy(4)(22)(Admin) has entered map 22
[7/8/2016 04:58:33] Herpy(4)(22)(Admin)command revive
[7/8/2016 04:59:24] Herpy(4)(22)(Admin)command give PID_HARDENED_POWER_ARMOR
[7/8/2016 04:59:25] Herpy(4)(22)(Admin)command give PID_HARDENED_POWER_HELMET
[7/8/2016 04:59:57] Herpy(4)(22)(Admin)command give PID_YK42B_PULSE_RIFLE
[7/8/2016 05:00:26] Herpy(4)(22)(Admin)command give PID_M72
[7/8/2016 05:00:38] Herpy(4)(22)(Admin)command give PID_M72_GUASS_RIFLE
[7/8/2016 05:00:46] Herpy(4)(22)(Admin)command give PID_M72_GAUSS_RIFLE
