[28/12/2016 15:24:49] Authenticated: default (client->admin)
[28/12/2016 15:24:49] Khans Are Shit(13)(22)(Admin)GM Tools: access granted (3)
[28/12/2016 15:24:54] Khans Are Shit(13)(22)(Admin)command saferegen
[28/12/2016 15:24:58] Khans Are Shit(13)(22)(Admin) lost sight of Butchie(14)(0)(Admin)
[28/12/2016 15:24:58] Khans Are Shit(13)(22)(Admin) lost sight of Butcher(9)(0)(Admin)
[28/12/2016 15:24:58] Khans Are Shit(13)(0)(Admin) has entered worldmap
[28/12/2016 15:25:57] Khans Are Shit(13)(22)(Admin) has entered map 22
[28/12/2016 15:25:57] Khans Are Shit(13)(22)(Admin) sees Durr(12)(22)(Admin)
[28/12/2016 15:25:57] Khans Are Shit(13)(22)(Admin) sees Butcher(9)(22)(Admin)
[28/12/2016 15:25:57] Khans Are Shit(13)(22)(Admin)GM Tools: access granted (3)
[28/12/2016 15:25:59] Khans Are Shit(13)(22)(Admin) sees Butchie(14)(22)(Admin)
[28/12/2016 15:26:12] Khans Are Shit(13)(22)(Admin) lost sight of Durr(12)(22)(Admin)
[28/12/2016 15:26:13] Khans Are Shit(13)(22)(Admin) lost sight of Butchie(14)(22)(Admin)
[28/12/2016 15:26:17] Khans Are Shit(13)(22)(Admin) sees Butchie(14)(22)(Admin)
[28/12/2016 15:26:18] Khans Are Shit(13)(22)(Admin) lost sight of Butchie(14)(22)(Admin)
[28/12/2016 15:26:26] Khans Are Shit(13)(22)(Admin) sees Durr(12)(22)(Admin)
[28/12/2016 15:26:27] Khans Are Shit(13)(22)(Admin) lost sight of Durr(12)(22)(Admin)
[28/12/2016 15:26:30] Khans Are Shit(13)(22)(Admin) sees Durr(12)(22)(Admin)
[28/12/2016 15:26:30] Khans Are Shit(13)(22)(Admin) sees Butchie(14)(22)(Admin)
[28/12/2016 15:26:30] Khans Are Shit(13)(22)(Admin) lost sight of Butchie(14)(22)(Admin)
[28/12/2016 15:26:30] Khans Are Shit(13)(22)(Admin) sees Butchie(14)(22)(Admin)
[28/12/2016 15:26:58] Khans Are Shit(13)(22)(Admin)GM Tools: access granted (3)
[28/12/2016 15:26:58] Khans Are Shit(13)(22)(Admin) lost sight of Butchie(14)(22)(Admin)
[28/12/2016 15:26:58] Khans Are Shit(13)(22)(Admin) lost sight of Durr(12)(22)(Admin)
[28/12/2016 15:27:00] Khans Are Shit(13)(22)(Admin) lost sight of Butcher(9)(22)(Admin)
[28/12/2016 15:27:01] Khans Are Shit(13)(22)(Admin) sees Butcher(9)(22)(Admin)
[28/12/2016 15:27:01] Khans Are Shit(13)(22)(Admin) lost sight of Butcher(9)(22)(Admin)
[28/12/2016 15:27:33] Khans Are Shit(13)(22)(Admin) sees Durr(12)(22)(Admin)
[28/12/2016 15:27:33] Khans Are Shit(13)(22)(Admin) sees Butchie(14)(22)(Admin)
[28/12/2016 15:27:34] Khans Are Shit(13)(22)(Admin) lost sight of Durr(12)(22)(Admin)
[28/12/2016 15:27:34] Khans Are Shit(13)(22)(Admin) lost sight of Butchie(14)(22)(Admin)
[28/12/2016 15:27:34] Khans Are Shit(13)(22)(Admin) sees Durr(12)(22)(Admin)
[28/12/2016 15:27:34] Khans Are Shit(13)(22)(Admin) sees Butchie(14)(22)(Admin)
[28/12/2016 15:27:40] Khans Are Shit(13)(22)(Admin) sees Butcher(9)(22)(Admin)
[28/12/2016 15:27:43] Khans Are Shit(13)(22)(Admin) lost sight of Butcher(9)(22)(Admin)
[28/12/2016 15:27:47] Khans Are Shit(13)(22)(Admin) sees Butcher(9)(22)(Admin)
[28/12/2016 15:27:57] Khans Are Shit(13)(22)(Admin) picks up item 296
[28/12/2016 15:27:58] Khans Are Shit(13)(22)(Admin)GM Tools: access granted (3)
[28/12/2016 15:28:53] Khans Are Shit(13)(22)(Admin) lost sight of Durr(12)(43)(Admin)
[28/12/2016 15:28:58] Khans Are Shit(13)(22)(Admin)GM Tools: access granted (3)
[28/12/2016 15:29:58] Khans Are Shit(13)(22)(Admin)GM Tools: access granted (3)
[28/12/2016 15:30:58] Khans Are Shit(13)(22)(Admin)GM Tools: access granted (3)
[28/12/2016 15:31:53] Khans Are Shit(13)(22)(Admin) lost sight of Butcher(9)(22)(Admin)
[28/12/2016 15:31:54] Khans Are Shit(13)(22)(Admin) sees Butcher(9)(22)(Admin)
[28/12/2016 15:31:54] Khans Are Shit(13)(22)(Admin) lost sight of Butcher(9)(22)(Admin)
[28/12/2016 15:31:58] Khans Are Shit(13)(22)(Admin)GM Tools: access granted (3)
[28/12/2016 15:31:59] Khans Are Shit(13)(22)(Admin) sees Butcher(9)(22)(Admin)
[28/12/2016 15:32:58] Khans Are Shit(13)(22)(Admin)GM Tools: access granted (3)
[28/12/2016 15:33:23] Khans Are Shit(13)(22)(Admin) lost sight of Butcher(9)(22)(Admin)
[28/12/2016 15:33:24] Khans Are Shit(13)(22)(Admin) lost sight of Butchie(14)(22)(Admin)
[28/12/2016 15:33:51] Khans Are Shit(13)(22)(Admin) sees Durr(12)(22)(Admin)
[28/12/2016 15:33:56] Khans Are Shit(13)(22)(Admin) lost sight of Durr(12)(0)(Admin)
[28/12/2016 15:33:58] Khans Are Shit(13)(22)(Admin)GM Tools: access granted (3)
[28/12/2016 15:33:59] Khans Are Shit(13)(0)(Admin) has entered worldmap
[28/12/2016 15:34:58] Khans Are Shit(13)(0)(Admin)GM Tools: access granted (3)
[28/12/2016 15:35:59] Khans Are Shit(13)(0)(Admin)GM Tools: access granted (3)
[28/12/2016 15:36:59] Khans Are Shit(13)(0)(Admin)GM Tools: access granted (3)
[28/12/2016 15:37:59] Khans Are Shit(13)(0)(Admin)GM Tools: access granted (3)
[28/12/2016 15:38:59] Khans Are Shit(13)(0)(Admin)GM Tools: access granted (3)
[28/12/2016 15:39:59] Khans Are Shit(13)(0)(Admin)GM Tools: access granted (3)
[28/12/2016 15:40:59] Khans Are Shit(13)(0)(Admin)GM Tools: access granted (3)
[28/12/2016 15:41:59] Khans Are Shit(13)(0)(Admin)GM Tools: access granted (3)
[28/12/2016 15:42:59] Khans Are Shit(13)(0)(Admin)GM Tools: access granted (3)
[28/12/2016 15:43:59] Khans Are Shit(13)(0)(Admin)GM Tools: access granted (3)
[28/12/2016 15:45:00] Khans Are Shit(13)(0)(Admin)GM Tools: access granted (3)
[28/12/2016 15:46:00] Khans Are Shit(13)(0)(Admin)GM Tools: access granted (3)
[28/12/2016 15:47:00] Khans Are Shit(13)(0)(Admin)GM Tools: access granted (3)
[28/12/2016 15:48:00] Khans Are Shit(13)(0)(Admin)GM Tools: access granted (3)
[28/12/2016 15:49:00] Khans Are Shit(13)(0)(Admin)GM Tools: access granted (3)
[28/12/2016 15:50:00] Khans Are Shit(13)(0)(Admin)GM Tools: access granted (3)
[28/12/2016 15:51:00] Khans Are Shit(13)(0)(Admin)GM Tools: access granted (3)
[28/12/2016 15:52:00] Khans Are Shit(13)(0)(Admin)GM Tools: access granted (3)
[28/12/2016 15:53:00] Khans Are Shit(13)(0)(Admin)GM Tools: access granted (3)
[28/12/2016 15:54:00] Khans Are Shit(13)(0)(Admin)GM Tools: access granted (3)
[28/12/2016 15:54:21] Khans Are Shit(13)(241)(Admin) has entered map 241
[28/12/2016 15:54:21] Khans Are Shit(13)(241)(Admin) sees Durr(12)(241)(Admin)
[28/12/2016 15:54:41] Khans Are Shit(13)(241)(Admin) lost sight of Durr(12)(241)(Admin)
[28/12/2016 15:54:42] Khans Are Shit(13)(241)(Admin) sees Durr(12)(241)(Admin)
[28/12/2016 15:54:47] Khans Are Shit(13)(241)(Admin) lost sight of Durr(12)(241)(Admin)
[28/12/2016 15:54:49] Khans Are Shit(13)(241)(Admin) sees Durr(12)(241)(Admin)
[28/12/2016 15:54:50] Khans Are Shit(13)(241)(Admin) picks up item 800
[28/12/2016 15:54:50] Khans Are Shit(13)(241)(Admin) lost sight of Durr(12)(0)(Admin)
[28/12/2016 15:55:00] Khans Are Shit(13)(241)(Admin)GM Tools: access granted (3)
[28/12/2016 15:55:21] Khans Are Shit(13)(0)(Admin) has entered worldmap
[28/12/2016 15:55:57] Khans Are Shit(13)(243)(Admin) has entered map 243
[28/12/2016 15:55:57] Khans Are Shit(13)(243)(Admin) sees Durr(12)(243)(Admin)
[28/12/2016 15:56:00] Khans Are Shit(13)(243)(Admin)GM Tools: access granted (3)
[28/12/2016 15:56:02] Khans Are Shit(13)(243)(Admin) lost sight of Durr(12)(243)(Admin)
[28/12/2016 15:56:11] Khans Are Shit(13)(243)(Admin) sees Durr(12)(243)(Admin)
[28/12/2016 15:56:19] Khans Are Shit(13)(0)(Admin) has entered worldmap
[28/12/2016 15:56:29] Khans Are Shit(13)(20)(Admin) has entered map 20
[28/12/2016 15:57:00] Khans Are Shit(13)(20)(Admin)GM Tools: access granted (3)
[28/12/2016 15:58:00] Khans Are Shit(13)(20)(Admin)GM Tools: access granted (3)
[28/12/2016 15:58:46] Authenticated: default (admin->admin)
[28/12/2016 15:58:46] Khans Are Shit(13)(20)(Admin)GM Tools: access granted (3)
[28/12/2016 15:59:24] Khans Are Shit(13)(20)(Admin) said "1bc wipe is nigh" 
[28/12/2016 15:59:29] Khans Are Shit(13)(20)(Admin)command bc wipe is nigh
[28/12/2016 15:59:34] Khans Are Shit(13)(20)(Admin)command bc -m wipe is nigh
[28/12/2016 15:59:47] Khans Are Shit(13)(20)(Admin)GM Tools: access granted (3)
[28/12/2016 16:00:17] Khans Are Shit(13)(20)(Admin)command gaintowncontrol hub
[28/12/2016 16:00:22] Khans Are Shit(13)(20)(Admin)command gaintowncontrol gecko
[28/12/2016 16:00:25] Khans Are Shit(13)(20)(Admin)command gaintowncontrol 1
[28/12/2016 16:00:27] Khans Are Shit(13)(20)(Admin)command gaintowncontrol 2
[28/12/2016 16:00:29] Khans Are Shit(13)(20)(Admin)command gaintowncontrol 3
[28/12/2016 16:00:35] Khans Are Shit(13)(20)(Admin)command gaintowncontrol md
[28/12/2016 16:00:37] Khans Are Shit(13)(20)(Admin)command gaintowncontrol bh
[28/12/2016 16:00:47] Khans Are Shit(13)(20)(Admin)GM Tools: access granted (3)
[28/12/2016 16:01:47] Khans Are Shit(13)(20)(Admin)GM Tools: access granted (3)
[28/12/2016 16:02:47] Khans Are Shit(13)(20)(Admin)GM Tools: access granted (3)
[28/12/2016 16:03:47] Khans Are Shit(13)(20)(Admin)GM Tools: access granted (3)
[28/12/2016 16:04:47] Khans Are Shit(13)(20)(Admin)GM Tools: access granted (3)
[28/12/2016 16:05:47] Khans Are Shit(13)(20)(Admin)GM Tools: access granted (3)
[28/12/2016 16:06:45] Khans Are Shit(13)(0)(Admin) has entered worldmap
[28/12/2016 16:06:47] Khans Are Shit(13)(0)(Admin)GM Tools: access granted (3)
[28/12/2016 16:06:50] Khans Are Shit(13)(22)(Admin) has entered map 22
[28/12/2016 16:06:50] Khans Are Shit(13)(22)(Admin) sees Butcher(9)(22)(Admin)
[28/12/2016 16:06:50] Khans Are Shit(13)(22)(Admin) sees Butchie(14)(22)(Admin)
[28/12/2016 16:06:50] Khans Are Shit(13)(22)(Admin) sees Butch(15)(22)(Admin)
[28/12/2016 16:07:02] Khans Are Shit(13)(22)(Admin) picks up item 28
[28/12/2016 16:07:41] Khans Are Shit(13)(22)(Admin) dropped item PID 144
[28/12/2016 16:07:47] Khans Are Shit(13)(22)(Admin)GM Tools: access granted (3)
[28/12/2016 16:07:53] Khans Are Shit(13)(22)(Admin) dropped item PID 106
[28/12/2016 16:08:05] Khans Are Shit(13)(22)(Admin) dropped item PID 110
[28/12/2016 16:08:20] Khans Are Shit(13)(22)(Admin) dropped item PID 87
[28/12/2016 16:08:25] Khans Are Shit(13)(22)(Admin) picks up item 144 (1587)
[28/12/2016 16:08:38] Khans Are Shit(13)(22)(Admin) dropped item PID 124
[28/12/2016 16:08:39] Khans Are Shit(13)(22)(Admin) picks up item 36 (30000)
[28/12/2016 16:08:47] Khans Are Shit(13)(22)(Admin)GM Tools: access granted (3)
[28/12/2016 16:09:00] Khans Are Shit(13)(22)(Admin) dropped item PID 541
[28/12/2016 16:09:10] Khans Are Shit(13)(22)(Admin) dropped item PID 101
[28/12/2016 16:09:25] Khans Are Shit(13)(22)(Admin)command tp gr
[28/12/2016 16:09:25] Khans Are Shit(13)(22)(Admin) sees Butcher(9)(22)(Admin)
[28/12/2016 16:09:25] Khans Are Shit(13)(22)(Admin) sees Butchie(14)(22)(Admin)
[28/12/2016 16:09:25] Khans Are Shit(13)(22)(Admin) sees Butch(15)(22)(Admin)
[28/12/2016 16:09:38] Khans Are Shit(13)(22)(Admin) sees Butcher(9)(22)(Admin)
[28/12/2016 16:09:40] Khans Are Shit(13)(22)(Admin)command teleportteam gunrunners
[28/12/2016 16:09:40] Khans Are Shit(13)(22)(Admin) lost sight of Butcher(9)(130)(Admin)
[28/12/2016 16:09:40] Khans Are Shit(13)(130)(Admin) has entered worldmap
[28/12/2016 16:09:40] Khans Are Shit(13)(130)(Admin) has entered map 130
[28/12/2016 16:09:47] Khans Are Shit(13)(130)(Admin)GM Tools: access granted (3)
[28/12/2016 16:10:02] Khans Are Shit(13)(130)(Admin) sees Durr(12)(130)(Admin)
[28/12/2016 16:10:28] Khans Are Shit(13)(130)(Admin) dropped item PID 541
[28/12/2016 16:10:33] Khans Are Shit(13)(130)(Admin) dropped item PID 124
[28/12/2016 16:10:35] Khans Are Shit(13)(130)(Admin) dropped item PID 87
[28/12/2016 16:10:38] Khans Are Shit(13)(130)(Admin) dropped item PID 110
[28/12/2016 16:10:40] Khans Are Shit(13)(130)(Admin) dropped item PID 106
[28/12/2016 16:10:44] Khans Are Shit(13)(130)(Admin) dropped item PID 101
[28/12/2016 16:10:47] Khans Are Shit(13)(130)(Admin)GM Tools: access granted (3)
[28/12/2016 16:11:15] Khans Are Shit(13)(130)(Admin) lost sight of Durr(12)(0)(Admin)
[28/12/2016 16:11:25] Khans Are Shit(13)(0)(Admin) has entered worldmap
[28/12/2016 16:11:36] Khans Are Shit(13)(244)(Admin) has entered map 244
[28/12/2016 16:11:48] Khans Are Shit(13)(244)(Admin)GM Tools: access granted (3)
[28/12/2016 16:11:50] Khans Are Shit(13)(0)(Admin) has entered worldmap
[28/12/2016 16:12:07] Khans Are Shit(13)(127)(Admin) has entered map 127
[28/12/2016 16:12:07] Khans Are Shit(13)(127)(Admin) sees Butcher(9)(127)(Admin)
[28/12/2016 16:12:07] Khans Are Shit(13)(127)(Admin) sees Butch(15)(127)(Admin)
[28/12/2016 16:12:07] Khans Are Shit(13)(127)(Admin) sees Durr(12)(127)(Admin)
[28/12/2016 16:12:24] Khans Are Shit(13)(127)(Admin) lost sight of Durr(12)(127)(Admin)
[28/12/2016 16:12:25] Khans Are Shit(13)(127)(Admin) sees Durr(12)(127)(Admin)
[28/12/2016 16:12:25] Khans Are Shit(13)(127)(Admin) lost sight of Durr(12)(127)(Admin)
[28/12/2016 16:12:25] Khans Are Shit(13)(127)(Admin) sees Durr(12)(127)(Admin)
[28/12/2016 16:12:25] Khans Are Shit(13)(127)(Admin) lost sight of Durr(12)(127)(Admin)
[28/12/2016 16:12:26] Khans Are Shit(13)(127)(Admin) sees Durr(12)(127)(Admin)
[28/12/2016 16:12:28] Khans Are Shit(13)(127)(Admin) lost sight of Butch(15)(127)(Admin)
[28/12/2016 16:12:28] Khans Are Shit(13)(127)(Admin) lost sight of Butcher(9)(127)(Admin)
[28/12/2016 16:12:28] Khans Are Shit(13)(127)(Admin) sees Butch(15)(127)(Admin)
[28/12/2016 16:12:28] Khans Are Shit(13)(127)(Admin) sees Butcher(9)(127)(Admin)
[28/12/2016 16:12:28] Khans Are Shit(13)(127)(Admin) lost sight of Butch(15)(127)(Admin)
[28/12/2016 16:12:28] Khans Are Shit(13)(127)(Admin) lost sight of Durr(12)(127)(Admin)
[28/12/2016 16:12:30] Khans Are Shit(13)(127)(Admin) lost sight of Butcher(9)(127)(Admin)
[28/12/2016 16:12:31] Khans Are Shit(13)(127)(Admin) sees Butcher(9)(127)(Admin)
[28/12/2016 16:12:31] Khans Are Shit(13)(127)(Admin) lost sight of Butcher(9)(127)(Admin)
[28/12/2016 16:12:31] Khans Are Shit(13)(127)(Admin) sees Butcher(9)(127)(Admin)
[28/12/2016 16:12:32] Khans Are Shit(13)(127)(Admin) lost sight of Butcher(9)(127)(Admin)
[28/12/2016 16:12:32] Khans Are Shit(13)(127)(Admin) sees Butcher(9)(127)(Admin)
[28/12/2016 16:12:33] Khans Are Shit(13)(127)(Admin) lost sight of Butcher(9)(127)(Admin)
[28/12/2016 16:12:33] Khans Are Shit(13)(127)(Admin) sees Butcher(9)(127)(Admin)
[28/12/2016 16:12:34] Khans Are Shit(13)(127)(Admin) lost sight of Butcher(9)(127)(Admin)
[28/12/2016 16:12:34] Khans Are Shit(13)(127)(Admin) sees Butcher(9)(127)(Admin)
[28/12/2016 16:12:34] Khans Are Shit(13)(127)(Admin) lost sight of Butcher(9)(127)(Admin)
[28/12/2016 16:12:34] Khans Are Shit(13)(127)(Admin) sees Butcher(9)(127)(Admin)
[28/12/2016 16:12:34] Khans Are Shit(13)(127)(Admin) lost sight of Butcher(9)(127)(Admin)
[28/12/2016 16:12:34] Khans Are Shit(13)(127)(Admin) sees Butcher(9)(127)(Admin)
[28/12/2016 16:12:34] Khans Are Shit(13)(127)(Admin) lost sight of Butcher(9)(127)(Admin)
[28/12/2016 16:12:35] Khans Are Shit(13)(127)(Admin) sees Butcher(9)(127)(Admin)
[28/12/2016 16:12:35] Khans Are Shit(13)(127)(Admin) lost sight of Butcher(9)(127)(Admin)
[28/12/2016 16:12:35] Khans Are Shit(13)(127)(Admin) sees Butcher(9)(127)(Admin)
[28/12/2016 16:12:35] Khans Are Shit(13)(127)(Admin) lost sight of Butcher(9)(127)(Admin)
[28/12/2016 16:12:35] Khans Are Shit(13)(127)(Admin) sees Butcher(9)(127)(Admin)
[28/12/2016 16:12:35] Khans Are Shit(13)(127)(Admin) lost sight of Butcher(9)(127)(Admin)
[28/12/2016 16:12:35] Khans Are Shit(13)(127)(Admin) sees Butcher(9)(127)(Admin)
[28/12/2016 16:12:35] Khans Are Shit(13)(127)(Admin) lost sight of Butcher(9)(127)(Admin)
[28/12/2016 16:12:36] Khans Are Shit(13)(127)(Admin) sees Butcher(9)(127)(Admin)
[28/12/2016 16:12:36] Khans Are Shit(13)(127)(Admin) lost sight of Butcher(9)(127)(Admin)
[28/12/2016 16:12:36] Khans Are Shit(13)(127)(Admin) sees Butcher(9)(127)(Admin)
[28/12/2016 16:12:37] Khans Are Shit(13)(127)(Admin) lost sight of Butcher(9)(127)(Admin)
[28/12/2016 16:12:37] Khans Are Shit(13)(127)(Admin) sees Butcher(9)(127)(Admin)
[28/12/2016 16:12:37] Khans Are Shit(13)(127)(Admin) lost sight of Butcher(9)(127)(Admin)
[28/12/2016 16:12:37] Khans Are Shit(13)(127)(Admin) sees Butcher(9)(127)(Admin)
[28/12/2016 16:12:37] Khans Are Shit(13)(127)(Admin) lost sight of Butcher(9)(127)(Admin)
[28/12/2016 16:12:43] Khans Are Shit(13)(127)(Admin) sees Butcher(9)(127)(Admin)
[28/12/2016 16:12:43] Khans Are Shit(13)(127)(Admin) lost sight of Butcher(9)(127)(Admin)
[28/12/2016 16:12:44] Khans Are Shit(13)(127)(Admin) sees Butcher(9)(127)(Admin)
[28/12/2016 16:12:44] Khans Are Shit(13)(127)(Admin) lost sight of Butcher(9)(127)(Admin)
[28/12/2016 16:12:45] Khans Are Shit(13)(127)(Admin) sees Butcher(9)(127)(Admin)
[28/12/2016 16:12:48] Khans Are Shit(13)(127)(Admin)GM Tools: access granted (3)
[28/12/2016 16:12:51] Khans Are Shit(13)(127)(Admin) lost sight of Butcher(9)(127)(Admin)
[28/12/2016 16:12:52] Khans Are Shit(13)(127)(Admin) sees Butcher(9)(127)(Admin)
[28/12/2016 16:12:56] Khans Are Shit(13)(127)(Admin) lost sight of Butcher(9)(127)(Admin)
[28/12/2016 16:13:11] Khans Are Shit(13)(127)(Admin) sees Butcher(9)(127)(Admin)
[28/12/2016 16:13:14] Khans Are Shit(13)(127)(Admin) lost sight of Butcher(9)(127)(Admin)
[28/12/2016 16:13:16] Khans Are Shit(13)(127)(Admin) sees Butcher(9)(127)(Admin)
[28/12/2016 16:13:47] Khans Are Shit(13)(127)(Admin) lost sight of Butcher(9)(127)(Admin)
[28/12/2016 16:13:47] Khans Are Shit(13)(127)(Admin) sees Butcher(9)(127)(Admin)
[28/12/2016 16:13:47] Khans Are Shit(13)(127)(Admin) lost sight of Butcher(9)(127)(Admin)
[28/12/2016 16:13:47] Khans Are Shit(13)(127)(Admin) sees Butcher(9)(127)(Admin)
[28/12/2016 16:13:48] Khans Are Shit(13)(127)(Admin)GM Tools: access granted (3)
[28/12/2016 16:13:48] Khans Are Shit(13)(127)(Admin) lost sight of Butcher(9)(127)(Admin)
[28/12/2016 16:13:48] Khans Are Shit(13)(127)(Admin) sees Butcher(9)(127)(Admin)
[28/12/2016 16:14:12] Khans Are Shit(13)(127)(Admin) lost sight of Butcher(9)(127)(Admin)
[28/12/2016 16:14:12] Khans Are Shit(13)(127)(Admin) sees Butcher(9)(127)(Admin)
[28/12/2016 16:14:17] Khans Are Shit(13)(127)(Admin) lost sight of Butcher(9)(127)(Admin)
[28/12/2016 16:14:18] Khans Are Shit(13)(127)(Admin) sees Butcher(9)(127)(Admin)
[28/12/2016 16:14:18] Khans Are Shit(13)(127)(Admin) lost sight of Butcher(9)(127)(Admin)
[28/12/2016 16:14:20] Khans Are Shit(13)(127)(Admin) sees Butcher(9)(127)(Admin)
[28/12/2016 16:14:20] Khans Are Shit(13)(127)(Admin) saw Npc (la_locker_guards, 5003004)(5003004)(127) killing Butcher(9)(127)(Admin)
[28/12/2016 16:14:24] Khans Are Shit(13)(127)(Admin) lost sight of Butcher(9)(127)(Admin)
[28/12/2016 16:14:35] Khans Are Shit(13)(127)(Admin) sees Butch(15)(127)(Admin)
[28/12/2016 16:14:36] Khans Are Shit(13)(127)(Admin) was attacked by Butch(15)(127)(Admin)
[28/12/2016 16:14:40] Khans Are Shit(13)(127)(Admin) lost sight of Butch(15)(127)(Admin)
[28/12/2016 16:14:44] Khans Are Shit(13)(127)(Admin) sees Butch(15)(127)(Admin)
[28/12/2016 16:14:48] Khans Are Shit(13)(127)(Admin)GM Tools: access granted (3)
[28/12/2016 16:14:48] Khans Are Shit(13)(127)(Admin) saw Butch(15)(127)(Admin) use first aid 
[28/12/2016 16:14:51] Khans Are Shit(13)(127)(Admin) lost sight of Butch(15)(127)(Admin)
[28/12/2016 16:14:59] Khans Are Shit(13)(127)(Admin) sees Butch(15)(127)(Admin)
[28/12/2016 16:15:29] Khans Are Shit(13)(127)(Admin) sees Durr(12)(127)(Admin)
[28/12/2016 16:15:31] Khans Are Shit(13)(127)(Admin) lost sight of Durr(12)(127)(Admin)
[28/12/2016 16:15:32] Khans Are Shit(13)(127)(Admin) sees Durr(12)(127)(Admin)
[28/12/2016 16:15:38] Khans Are Shit(13)(127)(Admin) saw Durr(12)(127)(Admin) use first aid 
[28/12/2016 16:15:39] Khans Are Shit(13)(127)(Admin) lost sight of Durr(12)(127)(Admin)
[28/12/2016 16:15:48] Khans Are Shit(13)(127)(Admin)GM Tools: access granted (3)
[28/12/2016 16:15:58] Khans Are Shit(13)(127)(Admin) lost sight of Butch(15)(139)(Admin)
[28/12/2016 16:16:09] Khans Are Shit(13)(139)(Admin) has entered worldmap
[28/12/2016 16:16:09] Khans Are Shit(13)(139)(Admin) has entered map 139
[28/12/2016 16:16:09] Khans Are Shit(13)(139)(Admin) sees Butch(15)(139)(Admin)
[28/12/2016 16:16:10] Khans Are Shit(13)(139)(Admin) lost sight of Butch(15)(139)(Admin)
[28/12/2016 16:16:45] Khans Are Shit(13)(0)(Admin) has entered worldmap
[28/12/2016 16:16:48] Khans Are Shit(13)(0)(Admin)GM Tools: access granted (3)
[28/12/2016 16:17:02] Khans Are Shit(13)(127)(Admin) has entered map 127
[28/12/2016 16:17:10] Khans Are Shit(13)(127)(Admin) sees Butch(15)(127)(Admin)
[28/12/2016 16:17:11] Khans Are Shit(13)(127)(Admin) lost sight of Butch(15)(127)(Admin)
[28/12/2016 16:17:12] Khans Are Shit(13)(127)(Admin) sees Butch(15)(127)(Admin)
[28/12/2016 16:17:12] Khans Are Shit(13)(127)(Admin) lost sight of Butch(15)(127)(Admin)
[28/12/2016 16:17:13] Khans Are Shit(13)(127)(Admin) sees Butch(15)(127)(Admin)
[28/12/2016 16:17:13] Khans Are Shit(13)(127)(Admin) lost sight of Butch(15)(127)(Admin)
[28/12/2016 16:17:13] Khans Are Shit(13)(127)(Admin) sees Durr(12)(127)(Admin)
[28/12/2016 16:17:23] Khans Are Shit(13)(127)(Admin) sees Butch(15)(127)(Admin)
[28/12/2016 16:17:24] Khans Are Shit(13)(127)(Admin) lost sight of Durr(12)(127)(Admin)
[28/12/2016 16:17:31] Khans Are Shit(13)(127)(Admin) lost sight of Butch(15)(127)(Admin)
[28/12/2016 16:17:32] Khans Are Shit(13)(127)(Admin) sees Butch(15)(127)(Admin)
[28/12/2016 16:17:32] Khans Are Shit(13)(127)(Admin) lost sight of Butch(15)(127)(Admin)
[28/12/2016 16:17:38] Khans Are Shit(13)(127)(Admin) sees Butch(15)(127)(Admin)
[28/12/2016 16:17:43] Khans Are Shit(13)(127)(Admin) lost sight of Butch(15)(127)(Admin)
[28/12/2016 16:17:48] Khans Are Shit(13)(127)(Admin)GM Tools: access granted (3)
[28/12/2016 16:17:50] Khans Are Shit(13)(127)(Admin) sees Butcher(9)(127)(Admin)
[28/12/2016 16:17:53] Khans Are Shit(13)(127)(Admin) saw Butcher(9)(127)(Admin) use loot critter on Khans Are Shit
[28/12/2016 16:18:13] Khans Are Shit(13)(127)(Admin) lost sight of Butcher(9)(127)(Admin)
[28/12/2016 16:18:40] Khans Are Shit(13)(139)(Admin) has entered worldmap
[28/12/2016 16:18:40] Khans Are Shit(13)(139)(Admin) has entered map 139
[28/12/2016 16:18:48] Khans Are Shit(13)(139)(Admin)GM Tools: access granted (3)
[28/12/2016 16:19:20] Khans Are Shit(13)(139)(Admin) sees Butch(15)(139)(Admin)
[28/12/2016 16:19:20] Khans Are Shit(13)(139)(Admin) lost sight of Butch(15)(139)(Admin)
[28/12/2016 16:19:48] Khans Are Shit(13)(139)(Admin)GM Tools: access granted (3)
[28/12/2016 16:20:45] Khans Are Shit(13)(139)(Admin) sees Butcher(9)(139)(Admin)
[28/12/2016 16:20:45] Khans Are Shit(13)(139)(Admin) lost sight of Butcher(9)(139)(Admin)
[28/12/2016 16:20:48] Khans Are Shit(13)(139)(Admin)GM Tools: access granted (3)
[28/12/2016 16:21:39] Khans Are Shit(13)(139)(Admin) sees Butch(15)(139)(Admin)
[28/12/2016 16:21:40] Khans Are Shit(13)(139)(Admin) lost sight of Butch(15)(139)(Admin)
[28/12/2016 16:21:48] Khans Are Shit(13)(139)(Admin)GM Tools: access granted (3)
[28/12/2016 16:22:11] Khans Are Shit(13)(0)(Admin) has entered worldmap
[28/12/2016 16:22:27] Khans Are Shit(13)(246)(Admin) has entered map 246
[28/12/2016 16:22:36] Khans Are Shit(13)(0)(Admin) has entered worldmap
[28/12/2016 16:22:46] Khans Are Shit(13)(127)(Admin) has entered map 127
[28/12/2016 16:22:46] Khans Are Shit(13)(127)(Admin) sees Butcher(9)(127)(Admin)
[28/12/2016 16:22:46] Khans Are Shit(13)(127)(Admin) sees Butch(15)(127)(Admin)
[28/12/2016 16:22:47] Khans Are Shit(13)(127)(Admin) saw Butcher(9)(127)(Admin) use first aid 
[28/12/2016 16:22:48] Khans Are Shit(13)(127)(Admin)GM Tools: access granted (3)
[28/12/2016 16:22:52] Khans Are Shit(13)(127)(Admin)command disguise 2
[28/12/2016 16:22:58] Khans Are Shit(13)(127)(Admin)command disguise 9
[28/12/2016 16:23:04] Khans Are Shit(13)(127)(Admin) lost sight of Butcher(9)(127)(Admin)
[28/12/2016 16:23:05] Khans Are Shit(13)(127)(Admin) sees Butcher(9)(127)(Admin)
[28/12/2016 16:23:06] Khans Are Shit(13)(127)(Admin) lost sight of Butcher(9)(127)(Admin)
[28/12/2016 16:23:07] Khans Are Shit(13)(127)(Admin) sees Butcher(9)(127)(Admin)
[28/12/2016 16:23:07] Khans Are Shit(13)(127)(Admin) lost sight of Butcher(9)(127)(Admin)
[28/12/2016 16:23:10] Khans Are Shit(13)(127)(Admin) lost sight of Butch(15)(127)(Admin)
[28/12/2016 16:23:10] Khans Are Shit(13)(127)(Admin) sees Butch(15)(127)(Admin)
[28/12/2016 16:23:12] Khans Are Shit(13)(127)(Admin) saw Butch(15)(127)(Admin) use first aid on Khans Are Shit
[28/12/2016 16:23:16] Khans Are Shit(13)(127)(Admin) lost sight of Butch(15)(127)(Admin)
[28/12/2016 16:23:41] Khans Are Shit(13)(127)(Admin) sees Butcher(9)(127)(Admin)
[28/12/2016 16:23:41] Khans Are Shit(13)(127)(Admin) lost sight of Butcher(9)(127)(Admin)
[28/12/2016 16:23:41] Khans Are Shit(13)(127)(Admin) sees Butcher(9)(127)(Admin)
[28/12/2016 16:23:45] Khans Are Shit(13)(127)(Admin) lost sight of Butcher(9)(127)(Admin)
[28/12/2016 16:23:49] Khans Are Shit(13)(127)(Admin)GM Tools: access granted (3)
[28/12/2016 16:24:10] Khans Are Shit(13)(127)(Admin) sees Durr(12)(127)(Admin)
[28/12/2016 16:24:13] Khans Are Shit(13)(127)(Admin) lost sight of Durr(12)(127)(Admin)
[28/12/2016 16:24:49] Khans Are Shit(13)(127)(Admin)GM Tools: access granted (3)
[28/12/2016 16:24:50] Khans Are Shit(13)(139)(Admin) has entered worldmap
[28/12/2016 16:24:50] Khans Are Shit(13)(139)(Admin) has entered map 139
[28/12/2016 16:25:03] Khans Are Shit(13)(0)(Admin) has entered worldmap
[28/12/2016 16:25:11] Khans Are Shit(13)(0)(Admin)command tp nr
[28/12/2016 16:25:11] Khans Are Shit(13)(20)(Admin) has entered map 20
[28/12/2016 16:25:16] Khans Are Shit(13)(0)(Admin) has entered worldmap
[28/12/2016 16:25:25] Khans Are Shit(13)(22)(Admin) has entered map 22
[28/12/2016 16:25:25] Khans Are Shit(13)(22)(Admin) sees Butchie(14)(22)(Admin)
[28/12/2016 16:25:25] Khans Are Shit(13)(22)(Admin) sees Butch(15)(22)(Admin)
[28/12/2016 16:25:29] Khans Are Shit(13)(22)(Admin) sees Durr(12)(22)(Admin)
[28/12/2016 16:25:44] Khans Are Shit(13)(22)(Admin) picks up item 239
[28/12/2016 16:25:46] Khans Are Shit(13)(22)(Admin) picks up item 727
[28/12/2016 16:25:49] Khans Are Shit(13)(22)(Admin)GM Tools: access granted (3)
[28/12/2016 16:25:53] Khans Are Shit(13)(22)(Admin) sees Butcher(9)(22)(Admin)
[28/12/2016 16:25:53] Khans Are Shit(13)(22)(Admin) picks up item 400
[28/12/2016 16:25:55] Khans Are Shit(13)(22)(Admin) picks up item 382 (2000)
[28/12/2016 16:25:56] Khans Are Shit(13)(22)(Admin) picks up item 239
[28/12/2016 16:26:00] Khans Are Shit(13)(22)(Admin) picks up item 727
[28/12/2016 16:26:02] Khans Are Shit(13)(22)(Admin) picks up item 389
[28/12/2016 16:26:05] Khans Are Shit(13)(22)(Admin) picks up item 36 (14705)
[28/12/2016 16:26:32] Khans Are Shit(13)(22)(Admin) picks up item 144 (1292)
[28/12/2016 16:26:36] Khans Are Shit(13)(22)(Admin) picks up item 87 (95)
[28/12/2016 16:26:44] Khans Are Shit(13)(22)(Admin) saw Butch(15)(22)(Admin) use first aid on Khans Are Shit
[28/12/2016 16:26:49] Khans Are Shit(13)(22)(Admin)GM Tools: access granted (3)
[28/12/2016 16:26:49] Khans Are Shit(13)(22)(Admin) saw Butcher(9)(22)(Admin) use first aid on Durr
[28/12/2016 16:26:52] Khans Are Shit(13)(22)(Admin) picks up item 144 (1076)
[28/12/2016 16:26:57] Khans Are Shit(13)(22)(Admin) picks up item 541 (90)
[28/12/2016 16:27:00] Khans Are Shit(13)(22)(Admin) picks up item 101 (97)
[28/12/2016 16:27:11] Khans Are Shit(13)(22)(Admin) picks up item 144 (724)
[28/12/2016 16:27:16] Khans Are Shit(13)(22)(Admin) picks up item 259 (95)
[28/12/2016 16:27:23] Khans Are Shit(13)(22)(Admin) picks up item 124 (90)
[28/12/2016 16:27:29] Khans Are Shit(13)(22)(Admin) picks up item 106 (90)
[28/12/2016 16:27:33] Khans Are Shit(13)(22)(Admin) picks up item 110 (90)
[28/12/2016 16:27:42] Khans Are Shit(13)(22)(Admin) picks up item 541 (87)
[28/12/2016 16:27:43] Khans Are Shit(13)(22)(Admin) picks up item 106 (85)
[28/12/2016 16:27:49] Khans Are Shit(13)(22)(Admin)GM Tools: access granted (3)
[28/12/2016 16:27:53] Khans Are Shit(13)(22)(Admin) picks up item 101 (96)
[28/12/2016 16:27:53] Khans Are Shit(13)(22)(Admin) picks up item 144 (399)
[28/12/2016 16:28:01] Khans Are Shit(13)(22)(Admin) picks up item 240
[28/12/2016 16:28:06] Khans Are Shit(13)(22)(Admin) picks up item 144 (226)
[28/12/2016 16:28:07] Khans Are Shit(13)(22)(Admin) picks up item 124 (87)
[28/12/2016 16:28:14] Khans Are Shit(13)(22)(Admin) picks up item 144 (17)
[28/12/2016 16:28:18] Khans Are Shit(13)(22)(Admin) picks up item 110 (87)
[28/12/2016 16:28:20] Khans Are Shit(13)(22)(Admin) picks up item 144 (400)
[28/12/2016 16:28:27] Khans Are Shit(13)(22)(Admin) picks up item 144 (191)
[28/12/2016 16:28:35] Khans Are Shit(13)(22)(Admin) picks up item 144 (250)
[28/12/2016 16:28:44] Khans Are Shit(13)(22)(Admin) picks up item 144 (41)
[28/12/2016 16:28:47] Khans Are Shit(13)(22)(Admin) dropped item PID 101
[28/12/2016 16:28:49] Khans Are Shit(13)(22)(Admin)GM Tools: access granted (3)
[28/12/2016 16:28:56] Khans Are Shit(13)(22)(Admin) picks up item 144 (20)
[28/12/2016 16:29:02] Khans Are Shit(13)(22)(Admin) dropped item PID 541
[28/12/2016 16:29:13] Khans Are Shit(13)(22)(Admin) dropped item PID 124
[28/12/2016 16:29:22] Khans Are Shit(13)(22)(Admin) picks up item 381
[28/12/2016 16:29:23] Khans Are Shit(13)(22)(Admin) dropped item PID 106
[28/12/2016 16:29:25] Khans Are Shit(13)(22)(Admin) picks up item 726
[28/12/2016 16:29:36] Khans Are Shit(13)(22)(Admin) picks up item 28
[28/12/2016 16:29:37] Khans Are Shit(13)(22)(Admin) dropped item PID 87
[28/12/2016 16:29:39] Khans Are Shit(13)(22)(Admin) picks up item 39 (4500)
[28/12/2016 16:29:48] Khans Are Shit(13)(22)(Admin) dropped item PID 144
[28/12/2016 16:29:49] Khans Are Shit(13)(22)(Admin)GM Tools: access granted (3)
[28/12/2016 16:30:03] Khans Are Shit(13)(22)(Admin) dropped item PID 110
[28/12/2016 16:30:04] Khans Are Shit(13)(22)(Admin) picks up item 620
[28/12/2016 16:30:06] Khans Are Shit(13)(22)(Admin) picks up item 621 (2000)
[28/12/2016 16:30:16] Khans Are Shit(13)(22)(Admin) dropped item PID 541
[28/12/2016 16:30:19] Khans Are Shit(13)(22)(Admin) lost sight of Butchie(14)(22)(Admin)
[28/12/2016 16:30:23] Khans Are Shit(13)(22)(Admin) sees Butchie(14)(22)(Admin)
[28/12/2016 16:30:49] Khans Are Shit(13)(22)(Admin)GM Tools: access granted (3)
[28/12/2016 16:30:53] Khans Are Shit(13)(22)(Admin) dropped item PID 36
[28/12/2016 16:31:38] Khans Are Shit(13)(22)(Admin) lost sight of Durr(12)(130)(Admin)
[28/12/2016 16:31:38] Khans Are Shit(13)(22)(Admin) lost sight of Butcher(9)(130)(Admin)
[28/12/2016 16:31:38] Khans Are Shit(13)(130)(Admin) has entered worldmap
[28/12/2016 16:31:38] Khans Are Shit(13)(130)(Admin) has entered map 130
[28/12/2016 16:31:45] Khans Are Shit(13)(0)(Admin) has entered worldmap
[28/12/2016 16:31:49] Khans Are Shit(13)(0)(Admin)GM Tools: access granted (3)
[28/12/2016 16:32:49] Khans Are Shit(13)(0)(Admin)GM Tools: access granted (3)
[28/12/2016 16:33:03] Khans Are Shit(13)(127)(Admin) has entered map 127
[28/12/2016 16:33:03] Khans Are Shit(13)(127)(Admin) sees Butcher(9)(127)(Admin)
[28/12/2016 16:33:11] Khans Are Shit(13)(127)(Admin) lost sight of Butcher(9)(127)(Admin)
[28/12/2016 16:33:11] Khans Are Shit(13)(127)(Admin) sees Durr(12)(127)(Admin)
[28/12/2016 16:33:12] Khans Are Shit(13)(127)(Admin) lost sight of Durr(12)(127)(Admin)
[28/12/2016 16:33:12] Khans Are Shit(13)(127)(Admin) sees Butcher(9)(127)(Admin)
[28/12/2016 16:33:19] Khans Are Shit(13)(127)(Admin) lost sight of Butcher(9)(127)(Admin)
[28/12/2016 16:33:21] Khans Are Shit(13)(127)(Admin) sees Butcher(9)(127)(Admin)
[28/12/2016 16:33:21] Khans Are Shit(13)(127)(Admin) lost sight of Butcher(9)(127)(Admin)
[28/12/2016 16:33:21] Khans Are Shit(13)(127)(Admin) sees Butcher(9)(127)(Admin)
[28/12/2016 16:33:23] Khans Are Shit(13)(127)(Admin) lost sight of Butcher(9)(127)(Admin)
[28/12/2016 16:33:24] Khans Are Shit(13)(127)(Admin) sees Butcher(9)(127)(Admin)
[28/12/2016 16:33:24] Khans Are Shit(13)(127)(Admin) lost sight of Butcher(9)(127)(Admin)
[28/12/2016 16:33:24] Khans Are Shit(13)(127)(Admin) sees Butcher(9)(127)(Admin)
[28/12/2016 16:33:24] Khans Are Shit(13)(127)(Admin) lost sight of Butcher(9)(127)(Admin)
[28/12/2016 16:33:24] Khans Are Shit(13)(127)(Admin) sees Butcher(9)(127)(Admin)
[28/12/2016 16:33:24] Khans Are Shit(13)(127)(Admin) lost sight of Butcher(9)(127)(Admin)
[28/12/2016 16:33:24] Khans Are Shit(13)(127)(Admin) sees Butcher(9)(127)(Admin)
[28/12/2016 16:33:26] Khans Are Shit(13)(127)(Admin) lost sight of Butcher(9)(127)(Admin)
[28/12/2016 16:33:27] Khans Are Shit(13)(127)(Admin) sees Butcher(9)(127)(Admin)
[28/12/2016 16:33:29] Khans Are Shit(13)(127)(Admin) saw Butcher(9)(127)(Admin) use first aid 
[28/12/2016 16:33:30] Khans Are Shit(13)(127)(Admin) lost sight of Butcher(9)(127)(Admin)
[28/12/2016 16:33:31] Khans Are Shit(13)(127)(Admin) sees Butcher(9)(127)(Admin)
[28/12/2016 16:33:34] Khans Are Shit(13)(127)(Admin) lost sight of Butcher(9)(127)(Admin)
[28/12/2016 16:33:34] Khans Are Shit(13)(127)(Admin) sees Butcher(9)(127)(Admin)
[28/12/2016 16:33:34] Khans Are Shit(13)(127)(Admin) lost sight of Butcher(9)(127)(Admin)
[28/12/2016 16:33:34] Khans Are Shit(13)(127)(Admin) sees Butcher(9)(127)(Admin)
[28/12/2016 16:33:36] Khans Are Shit(13)(127)(Admin) saw Npc (la_locker_guards, 5003012)(5003012)(127) killing Butcher(9)(127)(Admin)
[28/12/2016 16:33:49] Khans Are Shit(13)(127)(Admin)GM Tools: access granted (3)
[28/12/2016 16:33:54] Khans Are Shit(13)(127)(Admin) lost sight of Butcher(9)(127)(Admin)
[28/12/2016 16:33:55] Khans Are Shit(13)(127)(Admin) sees Butcher(9)(127)(Admin)
[28/12/2016 16:33:56] Khans Are Shit(13)(127)(Admin) lost sight of Butcher(9)(127)(Admin)
[28/12/2016 16:34:49] Khans Are Shit(13)(127)(Admin)GM Tools: access granted (3)
[28/12/2016 16:35:01] Khans Are Shit(13)(139)(Admin) has entered worldmap
[28/12/2016 16:35:01] Khans Are Shit(13)(139)(Admin) has entered map 139
[28/12/2016 16:35:50] Khans Are Shit(13)(139)(Admin)GM Tools: access granted (3)
[28/12/2016 16:36:50] Khans Are Shit(13)(139)(Admin)GM Tools: access granted (3)
[28/12/2016 16:38:30] Khans Are Shit(13)(139)(Admin) sees Durr(12)(139)(Admin)
[28/12/2016 16:39:31] Khans Are Shit(13)(139)(Admin) lost sight of Durr(12)(139)(Admin)
[28/12/2016 16:39:33] Khans Are Shit(13)(139)(Admin) sees Durr(12)(139)(Admin)
[28/12/2016 16:41:16] Khans Are Shit(13)(139)(Admin) lost sight of Durr(12)(139)(Admin)
[28/12/2016 16:41:30] Khans Are Shit(13)(139)(Admin) sees Durr(12)(139)(Admin)
[28/12/2016 16:41:56] Khans Are Shit(13)(139)(Admin) lost sight of Durr(12)(139)(Admin)
[28/12/2016 16:41:59] Khans Are Shit(13)(139)(Admin) sees Durr(12)(139)(Admin)
[28/12/2016 16:41:59] Khans Are Shit(13)(139)(Admin) lost sight of Durr(12)(139)(Admin)
[28/12/2016 16:42:03] Khans Are Shit(13)(139)(Admin) sees Durr(12)(139)(Admin)
[28/12/2016 16:42:05] Khans Are Shit(13)(139)(Admin) lost sight of Durr(12)(139)(Admin)
[28/12/2016 16:42:17] Khans Are Shit(13)(139)(Admin) sees Durr(12)(139)(Admin)
[28/12/2016 16:42:18] Khans Are Shit(13)(139)(Admin) lost sight of Durr(12)(139)(Admin)
[28/12/2016 16:42:40] Khans Are Shit(13)(139)(Admin) sees Durr(12)(139)(Admin)
[28/12/2016 17:05:19] Khans Are Shit(13)(139)(Admin) lost sight of Durr(12)(139)(Admin)
[28/12/2016 17:05:19] Khans Are Shit(13)(139)(Admin) sees Durr(12)(139)(Admin)
[28/12/2016 17:05:19] Khans Are Shit(13)(139)(Admin) lost sight of Durr(12)(139)(Admin)
[28/12/2016 17:05:22] Khans Are Shit(13)(0)(Admin) has entered worldmap
[28/12/2016 17:05:31] Khans Are Shit(13)(0)(Admin)command tp nr
[28/12/2016 17:05:31] Khans Are Shit(13)(20)(Admin) has entered map 20
[28/12/2016 17:06:05] Khans Are Shit(13)(0)(Admin) has entered worldmap
[28/12/2016 17:06:09] Khans Are Shit(13)(22)(Admin) has entered map 22
[28/12/2016 17:06:09] Khans Are Shit(13)(22)(Admin) sees Butchie(14)(22)(Admin)
[28/12/2016 17:06:09] Khans Are Shit(13)(22)(Admin) sees Butch(15)(22)(Admin)
[28/12/2016 17:06:25] Khans Are Shit(13)(22)(Admin) dropped item PID 36
[28/12/2016 17:07:00] Khans Are Shit(13)(22)(Admin) dropped item PID 36
[28/12/2016 17:07:14] Khans Are Shit(13)(22)(Admin) lost sight of Butch(15)(22)(Admin)
[28/12/2016 17:07:14] Khans Are Shit(13)(0)(Admin) has entered worldmap
[28/12/2016 17:07:28] Khans Are Shit(13)(22)(Admin) has entered map 22
[28/12/2016 17:07:28] Khans Are Shit(13)(22)(Admin) sees Butchie(14)(22)(Admin)
[28/12/2016 17:07:28] Khans Are Shit(13)(22)(Admin) sees Butch(15)(22)(Admin)
[28/12/2016 17:09:12] Khans Are Shit(13)(22)(Admin)command summon Durr
[28/12/2016 17:09:19] Khans Are Shit(13)(22)(Admin)command summon -p Durr
[28/12/2016 17:09:19] Khans Are Shit(13)(22)(Admin) sees Durr(12)(22)(Admin)
[28/12/2016 17:09:35] Khans Are Shit(13)(22)(Admin) picks up item 400
[28/12/2016 17:09:38] Khans Are Shit(13)(22)(Admin) picks up item 382 (1000)
[28/12/2016 17:10:08] Khans Are Shit(13)(22)(Admin) picks up item 381
[28/12/2016 17:10:10] Khans Are Shit(13)(22)(Admin) picks up item 726
[28/12/2016 17:10:13] Khans Are Shit(13)(22)(Admin) picks up item 144 (160)
[28/12/2016 17:10:35] Khans Are Shit(13)(22)(Admin) picks up item 87 (87)
[28/12/2016 17:10:50] Khans Are Shit(13)(22)(Admin) picks up item 106 (79)
[28/12/2016 17:11:03] Khans Are Shit(13)(22)(Admin) picks up item 110 (79)
[28/12/2016 17:11:15] Khans Are Shit(13)(22)(Admin) picks up item 124 (79)
[28/12/2016 17:11:30] Khans Are Shit(13)(22)(Admin) picks up item 541 (76)
[28/12/2016 17:11:48] Khans Are Shit(13)(22)(Admin) picks up item 101 (94)
[28/12/2016 17:12:03] Khans Are Shit(13)(22)(Admin) lost sight of Durr(12)(0)(Admin)
[28/12/2016 17:12:06] Khans Are Shit(13)(0)(Admin) has entered worldmap
[28/12/2016 17:12:31] Khans Are Shit(13)(0)(Admin)command tp gunrunners
[28/12/2016 17:12:31] Khans Are Shit(13)(130)(Admin) has entered map 130
[28/12/2016 17:12:37] Khans Are Shit(13)(130)(Admin) sees Durr(12)(130)(Admin)
[28/12/2016 17:12:49] Khans Are Shit(13)(0)(Admin) has entered worldmap
