[7/8/2016 03:02:29] Kilgore(3)(180)GMTools: check access fail <1>
[7/8/2016 03:02:29] Kilgore(3)(180)GMTools: check access fail <1>
[7/8/2016 03:02:29] Kilgore(3)(180)GMTools: check access fail <1>
[7/8/2016 03:02:33] Authenticated: default (client->admin)
[7/8/2016 03:02:33] Kilgore(3)(180)(Admin)GM Tools: access granted (3)
[7/8/2016 03:02:37] Kilgore(3)(180)(Admin)command xp -a 50000
[7/8/2016 03:03:01] Kilgore(3)(180)(Admin)command xp -a 50000
[7/8/2016 03:03:20] Kilgore(3)(180)(Admin)command xp -a 50000
[7/8/2016 03:03:33] Kilgore(3)(180)(Admin)GM Tools: access granted (3)
[7/8/2016 03:03:40] Kilgore(3)(180)(Admin)command xp -a 50000
[7/8/2016 03:03:57] Kilgore(3)(180)(Admin)command xp -a 50000
[7/8/2016 03:04:17] Kilgore(3)(180)(Admin)command xp -a 50000
[7/8/2016 03:04:33] Kilgore(3)(180)(Admin)GM Tools: access granted (3)
[7/8/2016 03:05:07] Kilgore(3)(180)(Admin)command xp -a 5000000
[7/8/2016 03:05:17] Kilgore(3)(180)(Admin)command xp -a 5000000
[7/8/2016 03:05:24] Kilgore(3)(180)(Admin)command xp -a 5000000
[7/8/2016 03:05:32] Kilgore(3)(180)(Admin)command xp -a 5000000
[7/8/2016 03:05:33] Kilgore(3)(180)(Admin)GM Tools: access granted (3)
[7/8/2016 03:05:46] Kilgore(3)(180)(Admin)command xp -a 5000000
[7/8/2016 03:05:56] Kilgore(3)(180)(Admin)command xp -a 5000000
[7/8/2016 03:06:04] Kilgore(3)(180)(Admin)command xp -a 5000000
[7/8/2016 03:06:11] Kilgore(3)(180)(Admin)command xp -a 5000000
[7/8/2016 03:06:21] Kilgore(3)(180)(Admin)command xp -a 5000000
[7/8/2016 03:06:24] Kilgore(3)(180)(Admin) said "xxxxxxxxxxxxxxx" 
[7/8/2016 03:06:33] Kilgore(3)(180)(Admin)GM Tools: access granted (3)
[7/8/2016 03:06:33] Kilgore(3)(180)(Admin)command xp -a 5000000
[7/8/2016 03:06:54] Kilgore(3)(180)(Admin)command xp -a 5000000
[7/8/2016 03:07:02] Kilgore(3)(180)(Admin)command xp -a 5000000
[7/8/2016 03:07:19] Kilgore(3)(180)(Admin)command xp -a 5000000
[7/8/2016 03:07:33] Kilgore(3)(180)(Admin)GM Tools: access granted (3)
[7/8/2016 03:07:39] Kilgore(3)(180)(Admin)command xp -a 5000000
[7/8/2016 03:07:46] Kilgore(3)(181)(Admin) has entered worldmap
[7/8/2016 03:07:46] Kilgore(3)(181)(Admin) has entered map 181
[7/8/2016 03:08:33] Kilgore(3)(181)(Admin)GM Tools: access granted (3)
[7/8/2016 03:08:33] Kilgore(3)(181)(Admin)command xp -a 5000000
[7/8/2016 03:08:40] Kilgore(3)(181)(Admin)command xp -a 5000000
[7/8/2016 03:08:56] Kilgore(3)(181)(Admin)command xp -a 5000000
[7/8/2016 03:09:11] Kilgore(3)(181)(Admin)command xp -a 5000000
[7/8/2016 03:09:26] Kilgore(3)(181)(Admin)command xp -a 5000000
[7/8/2016 03:09:33] Kilgore(3)(181)(Admin)GM Tools: access granted (3)
[7/8/2016 03:09:38] Kilgore(3)(181)(Admin)command xp -a 5000000
[7/8/2016 03:09:53] Kilgore(3)(181)(Admin)command xp -a 5000000
[7/8/2016 03:10:00] Kilgore(3)(181)(Admin)command xp -a 5000000
[7/8/2016 03:10:07] Kilgore(3)(181)(Admin)command xp -a 5000000
[7/8/2016 03:10:13] Kilgore(3)(181)(Admin)command xp -a 5000000
[7/8/2016 03:10:20] Kilgore(3)(181)(Admin)command xp -a 5000000
[7/8/2016 03:10:26] Kilgore(3)(181)(Admin)command xp -a 5000000
[7/8/2016 03:10:32] Kilgore(3)(181)(Admin)command xp -a 5000000
[7/8/2016 03:10:33] Kilgore(3)(181)(Admin)GM Tools: access granted (3)
[7/8/2016 03:10:52] Kilgore(3)(181)(Admin)command xp -a 7000000
[7/8/2016 03:11:07] Kilgore(3)(181)(Admin)command xp -a 6000000
[7/8/2016 03:11:14] Kilgore(3)(181)(Admin)command xp -a 6000000
[7/8/2016 03:11:22] Kilgore(3)(181)(Admin)command xp -a 6000000
[7/8/2016 03:11:29] Kilgore(3)(181)(Admin)command xp -a 6000000
[7/8/2016 03:11:33] Kilgore(3)(181)(Admin)GM Tools: access granted (3)
[7/8/2016 03:11:40] Kilgore(3)(181)(Admin)command xp -a 6000000
[7/8/2016 03:11:46] Kilgore(3)(181)(Admin)command xp -a 6000000
[7/8/2016 03:11:52] Kilgore(3)(181)(Admin)command xp -a 6000000
[7/8/2016 03:11:59] Kilgore(3)(181)(Admin)command xp -a 6000000
[7/8/2016 03:12:08] Kilgore(3)(181)(Admin)command xp -a 6000000
[7/8/2016 03:12:15] Kilgore(3)(181)(Admin)command xp -a 6000000
[7/8/2016 03:12:33] Kilgore(3)(181)(Admin)GM Tools: access granted (3)
[7/8/2016 03:12:44] Kilgore(3)(181)(Admin)command xp -a 6000000
[7/8/2016 03:12:57] Kilgore(3)(181)(Admin)command xp -a 6000000
[7/8/2016 03:13:06] Kilgore(3)(181)(Admin)command xp -a 6000000
[7/8/2016 03:13:13] Kilgore(3)(181)(Admin)command xp -a 6000000
[7/8/2016 03:13:33] Kilgore(3)(181)(Admin)GM Tools: access granted (3)
[7/8/2016 03:13:44] Kilgore(3)(181)(Admin)command parem 0 40 50
[7/8/2016 03:14:12] Kilgore(3)(181)(Admin)command parem 0 40 16
[7/8/2016 03:14:16] Kilgore(3)(181)(Admin)command parem 0 40 12
[7/8/2016 03:14:33] Kilgore(3)(181)(Admin)GM Tools: access granted (3)
[7/8/2016 03:14:44] Kilgore(3)(181)(Admin)command parem 0 40 500
[7/8/2016 03:15:07] Kilgore(3)(181)(Admin)command param 0 40 500
[7/8/2016 03:15:33] Kilgore(3)(181)(Admin)GM Tools: access granted (3)
[7/8/2016 03:15:41] Kilgore(3)(181)(Admin)command xp -a 6000000
[7/8/2016 03:15:57] Kilgore(3)(181)(Admin)command xp -a 6000000
[7/8/2016 03:16:08] Kilgore(3)(181)(Admin)command xp -a 6500000
[7/8/2016 03:16:19] Kilgore(3)(181)(Admin)command xp -a 6900000
[7/8/2016 03:16:26] Kilgore(3)(181)(Admin)command xp -a 6900000
[7/8/2016 03:16:33] Kilgore(3)(181)(Admin)GM Tools: access granted (3)
[7/8/2016 03:16:39] Kilgore(3)(181)(Admin)command xp -a 7000000
[7/8/2016 03:16:45] Kilgore(3)(181)(Admin)command xp -a 7000000
[7/8/2016 03:16:54] Kilgore(3)(181)(Admin)command xp -a 7000000
[7/8/2016 03:17:01] Kilgore(3)(181)(Admin)command xp -a 7000000
[7/8/2016 03:17:07] Kilgore(3)(181)(Admin)command xp -a 7000000
[7/8/2016 03:17:16] Kilgore(3)(181)(Admin)command xp -a 7000000
[7/8/2016 03:17:23] Kilgore(3)(181)(Admin)command xp -a 7000000
[7/8/2016 03:17:33] Kilgore(3)(181)(Admin)GM Tools: access granted (3)
[7/8/2016 03:17:57] Kilgore(3)(181)(Admin)command xp -a 7500000
[7/8/2016 03:18:07] Kilgore(3)(181)(Admin)command xp -a 7500000
[7/8/2016 03:18:15] Kilgore(3)(181)(Admin)command xp -a 7500000
[7/8/2016 03:18:21] Kilgore(3)(181)(Admin)command xp -a 7500000
[7/8/2016 03:18:29] Kilgore(3)(181)(Admin)command xp -a 7500000
[7/8/2016 03:18:34] Kilgore(3)(181)(Admin)GM Tools: access granted (3)
[7/8/2016 03:18:42] Kilgore(3)(181)(Admin)command xp -a 7500000
[7/8/2016 03:18:53] Kilgore(3)(181)(Admin)command xp -a 7500000
[7/8/2016 03:19:09] Kilgore(3)(181)(Admin)command xp -a 7500000
[7/8/2016 03:19:18] Kilgore(3)(181)(Admin)command xp -a 7500000
[7/8/2016 03:19:34] Kilgore(3)(181)(Admin)GM Tools: access granted (3)
[7/8/2016 03:19:36] Kilgore(3)(181)(Admin)command xp -a 7500000
[7/8/2016 03:19:46] Kilgore(3)(181)(Admin)command xp -a 7500000
[7/8/2016 03:19:58] Kilgore(3)(181)(Admin)command xp -a 7500000
[7/8/2016 03:20:07] Kilgore(3)(181)(Admin)command xp -a 7500000
[7/8/2016 03:20:21] Kilgore(3)(181)(Admin)command xp -a 7500000
[7/8/2016 03:20:31] Kilgore(3)(181)(Admin)command xp -a 7500000
[7/8/2016 03:20:34] Kilgore(3)(181)(Admin)GM Tools: access granted (3)
[7/8/2016 03:20:40] Kilgore(3)(181)(Admin)command xp -a 7500000
[7/8/2016 03:20:51] Kilgore(3)(181)(Admin)command xp -a 8000000
[7/8/2016 03:21:01] Kilgore(3)(181)(Admin)command xp -a 9000000
[7/8/2016 03:21:08] Kilgore(3)(181)(Admin)command xp -a 9000000
[7/8/2016 03:21:14] Kilgore(3)(181)(Admin)command xp -a 9000000
[7/8/2016 03:21:21] Kilgore(3)(181)(Admin)command xp -a 9000000
[7/8/2016 03:21:28] Kilgore(3)(181)(Admin)command xp -a 9000000
[7/8/2016 03:21:34] Kilgore(3)(181)(Admin)GM Tools: access granted (3)
[7/8/2016 03:21:41] Kilgore(3)(181)(Admin)command xp -a 10000000
[7/8/2016 03:21:48] Kilgore(3)(181)(Admin)command xp -a 10000000
[7/8/2016 03:21:55] Kilgore(3)(181)(Admin)command xp -a 10000000
[7/8/2016 03:22:02] Kilgore(3)(181)(Admin)command xp -a 10000000
[7/8/2016 03:22:15] Kilgore(3)(181)(Admin)command xp -a 10000000
[7/8/2016 03:22:25] Kilgore(3)(181)(Admin)command xp -a 10000000
[7/8/2016 03:22:33] Kilgore(3)(181)(Admin)command xp -a 10000000
[7/8/2016 03:22:34] Kilgore(3)(181)(Admin)GM Tools: access granted (3)
[7/8/2016 03:22:58] Kilgore(3)(181)(Admin)command xp -a 10000000
[7/8/2016 03:23:34] Kilgore(3)(181)(Admin)GM Tools: access granted (3)
[7/8/2016 03:24:05] Kilgore(3)(181)(Admin)command param 0 432 2
[7/8/2016 03:24:34] Kilgore(3)(181)(Admin)GM Tools: access granted (3)
[7/8/2016 03:24:42] Kilgore(3)(181)(Admin)command param 0 434 2
[7/8/2016 03:25:13] Kilgore(3)(181)(Admin)command param 0 433 2
[7/8/2016 03:25:34] Kilgore(3)(181)(Admin)GM Tools: access granted (3)
[7/8/2016 03:25:44] Kilgore(3)(181)(Admin)command param 0 434 2
[7/8/2016 03:26:23] Kilgore(3)(181)(Admin)command param 0 435 2
[7/8/2016 03:26:34] Kilgore(3)(181)(Admin)GM Tools: access granted (3)
[7/8/2016 03:26:43] Kilgore(3)(181)(Admin)command param 0 436 2
[7/8/2016 03:27:34] Kilgore(3)(181)(Admin)GM Tools: access granted (3)
[7/8/2016 03:27:46] Kilgore(3)(181)(Admin)command param 0 462 4
[7/8/2016 03:28:13] Kilgore(3)(181)(Admin)command param 0 463 2
[7/8/2016 03:28:34] Kilgore(3)(181)(Admin)GM Tools: access granted (3)
[7/8/2016 03:29:04] Kilgore(3)(181)(Admin)command param 0 464 
[7/8/2016 03:29:09] Kilgore(3)(181)(Admin)command param 0 464 2
[7/8/2016 03:29:27] Kilgore(3)(181)(Admin)command param 0 465 2
[7/8/2016 03:29:34] Kilgore(3)(181)(Admin)GM Tools: access granted (3)
[7/8/2016 03:29:49] Kilgore(3)(181)(Admin)command param 0 466 2
[7/8/2016 03:29:52] Kilgore(3)(181)(Admin)command param 0 467 2
[7/8/2016 03:29:56] Kilgore(3)(181)(Admin)command param 0 468 2
[7/8/2016 03:29:59] Kilgore(3)(181)(Admin)command param 0 469 2
[7/8/2016 03:30:34] Kilgore(3)(181)(Admin)GM Tools: access granted (3)
[7/8/2016 03:30:43] Kilgore(3)(181)(Admin)command give PID-TARDIS
[7/8/2016 03:30:56] Kilgore(3)(181)(Admin)command give PID_VERTIBIRD
[7/8/2016 03:31:34] Kilgore(3)(181)(Admin)GM Tools: access granted (3)
[7/8/2016 03:32:13] Kilgore(3)(181)(Admin)command give PID_HARDENED_POWER_ARMOR
[7/8/2016 03:32:26] Kilgore(3)(181)(Admin)command give PID_HARDENED_POWER_ARMOR_HELM
[7/8/2016 03:32:29] Kilgore(3)(181)(Admin)command give PID_HARDENED_POWER_ARMOR_HELMET
[7/8/2016 03:32:34] Kilgore(3)(181)(Admin)GM Tools: access granted (3)
[7/8/2016 03:33:09] Kilgore(3)(181)(Admin)command give PID_HARDENED_POWER_HELMET
[7/8/2016 03:33:34] Kilgore(3)(181)(Admin)GM Tools: access granted (3)
[7/8/2016 03:34:31] Kilgore(3)(181)(Admin)command give PID_M72_GAUSS_RIFLE 5
[7/8/2016 03:34:35] Kilgore(3)(181)(Admin)GM Tools: access granted (3)
[7/8/2016 03:35:25] Kilgore(3)(181)(Admin)command param 0 11 10000
[7/8/2016 03:35:35] Kilgore(3)(181)(Admin)GM Tools: access granted (3)
[7/8/2016 03:35:52] Kilgore(3)(181)(Admin)command param 0 11 1000
[7/8/2016 03:36:00] Kilgore(3)(181)(Admin)command param 0 11 1000000
[7/8/2016 03:36:18] Kilgore(3)(181)(Admin)command give PID_2MM_EC_AMMO 1000
[7/8/2016 03:36:35] Kilgore(3)(181)(Admin)GM Tools: access granted (3)
[7/8/2016 03:37:11] Kilgore(3)(181)(Admin)command give 397 1
[7/8/2016 03:37:20] Kilgore(3)(181)(Admin)command give 397 100
[7/8/2016 03:43:03] Kilgore(3)(181)(Admin) has entered worldmap
