[7/8/2016 01:14:03] Added faction: Unknown(0, , 0)
[7/8/2016 01:14:03] Added faction: None(1, , 0)
[7/8/2016 01:14:03] Added faction: Brotherhood Of Steel(2, , 0)
[7/8/2016 01:14:03] Added faction: Enclave(3, , 0)
[7/8/2016 01:14:03] Added faction: The Unity(4, , 0)
[7/8/2016 01:14:03] Added faction: New California Republic(5, , 0)
[7/8/2016 01:14:03] Added faction: Vault City(6, , 0)
[7/8/2016 01:14:03] Added faction: Raiders(7, , 0)
[7/8/2016 01:14:03] Added faction: Mordinos(8, , 0)
[7/8/2016 01:14:03] Added faction: The Tanker Vagrants(21, , 0)
[7/8/2016 01:14:03] Added faction: The Redding Guttersnipes(35, , 0)
[7/8/2016 02:27:42] Membership not in sync: 0 vs 1, for: 1
[7/8/2016 02:27:42] Membership not in sync: 0 vs 1, for: 1
[7/8/2016 02:27:42] Membership not in sync: 0 vs 1, for: 1
[7/8/2016 02:27:42] Membership not in sync: 0 vs 1, for: 1
[7/8/2016 02:27:42] Membership not in sync: 0 vs 1, for: 1
[7/8/2016 02:27:42] Membership not in sync: 0 vs 1, for: 1
[7/8/2016 02:27:42] Membership not in sync: 0 vs 1, for: 1
[7/8/2016 02:27:42] Membership not in sync: 0 vs 1, for: 1
[7/8/2016 02:27:42] Membership not in sync: 0 vs 1, for: 1
[7/8/2016 02:58:49] Membership not in sync: 0 vs 1, for: 2
[7/8/2016 02:58:49] Membership not in sync: 0 vs 1, for: 2
[7/8/2016 02:58:49] Membership not in sync: 0 vs 1, for: 2
[7/8/2016 02:58:49] Membership not in sync: 0 vs 1, for: 2
[7/8/2016 02:58:49] Membership not in sync: 0 vs 1, for: 2
[7/8/2016 02:58:49] Membership not in sync: 0 vs 1, for: 2
[7/8/2016 02:58:49] Membership not in sync: 0 vs 1, for: 2
[7/8/2016 02:58:49] Membership not in sync: 0 vs 1, for: 2
[7/8/2016 02:58:49] Membership not in sync: 0 vs 1, for: 2
[7/8/2016 03:02:26] Membership not in sync: 0 vs 1, for: 3
[7/8/2016 03:02:26] Membership not in sync: 0 vs 1, for: 3
[7/8/2016 03:02:26] Membership not in sync: 0 vs 1, for: 3
[7/8/2016 03:02:26] Membership not in sync: 0 vs 1, for: 3
[7/8/2016 03:02:26] Membership not in sync: 0 vs 1, for: 3
[7/8/2016 03:02:26] Membership not in sync: 0 vs 1, for: 3
[7/8/2016 03:02:26] Membership not in sync: 0 vs 1, for: 3
[7/8/2016 03:02:26] Membership not in sync: 0 vs 1, for: 3
[7/8/2016 03:02:26] Membership not in sync: 0 vs 1, for: 3
[7/8/2016 03:41:53] Membership not in sync: 0 vs 1, for: 4
[7/8/2016 03:41:53] Membership not in sync: 0 vs 1, for: 4
[7/8/2016 03:41:53] Membership not in sync: 0 vs 1, for: 4
[7/8/2016 03:41:53] Membership not in sync: 0 vs 1, for: 4
[7/8/2016 03:41:53] Membership not in sync: 0 vs 1, for: 4
[7/8/2016 03:41:53] Membership not in sync: 0 vs 1, for: 4
[7/8/2016 03:41:53] Membership not in sync: 0 vs 1, for: 4
[7/8/2016 03:41:53] Membership not in sync: 0 vs 1, for: 4
[7/8/2016 03:41:53] Membership not in sync: 0 vs 1, for: 4
[7/8/2016 05:07:41] Added faction: Unknown(0, , 0)
[7/8/2016 05:07:41] Added faction: None(1, , 0)
[7/8/2016 05:07:41] Added faction: Brotherhood Of Steel(2, , 0)
[7/8/2016 05:07:41] Added faction: Enclave(3, , 0)
[7/8/2016 05:07:41] Added faction: The Unity(4, , 0)
[7/8/2016 05:07:41] Added faction: New California Republic(5, , 0)
[7/8/2016 05:07:41] Added faction: Vault City(6, , 0)
[7/8/2016 05:07:41] Added faction: Raiders(7, , 0)
[7/8/2016 05:07:41] Added faction: The Mordinos(8, , 0)
[7/8/2016 05:07:41] Added faction: The Tanker Vagrants(21, , 0)
[7/8/2016 05:07:41] Added faction: The Redding Guttersnipes(35, , 0)
[28/12/2016 11:07:15] Added faction: Unknown(0, , 0)
[28/12/2016 11:07:15] Added faction: None(1, , 0)
[28/12/2016 11:07:15] Added faction: Brotherhood Of Steel(2, , 0)
[28/12/2016 11:07:15] Added faction: Enclave(3, , 0)
[28/12/2016 11:07:15] Added faction: The Unity(4, , 0)
[28/12/2016 11:07:15] Added faction: New California Republic(5, , 0)
[28/12/2016 11:07:15] Added faction: Vault City(6, , 0)
[28/12/2016 11:07:15] Added faction: Raiders(7, , 0)
[28/12/2016 11:07:15] Added faction: The Mordinos(8, , 0)
[28/12/2016 11:07:15] Added faction: The Tanker Vagrants(21, , 0)
[28/12/2016 11:07:15] Added faction: The Redding Guttersnipes(35, , 0)
[28/12/2016 11:15:46] Membership not in sync: 0 vs 1, for: 5
[28/12/2016 11:15:46] Membership not in sync: 0 vs 1, for: 5
[28/12/2016 11:15:46] Membership not in sync: 0 vs 1, for: 5
[28/12/2016 11:15:46] Membership not in sync: 0 vs 1, for: 5
[28/12/2016 11:15:46] Membership not in sync: 0 vs 1, for: 5
[28/12/2016 11:15:46] Membership not in sync: 0 vs 1, for: 5
[28/12/2016 11:15:46] Membership not in sync: 0 vs 1, for: 5
[28/12/2016 11:15:46] Membership not in sync: 0 vs 1, for: 5
[28/12/2016 11:15:46] Membership not in sync: 0 vs 1, for: 5
[28/12/2016 11:28:14] Membership not in sync: 0 vs 1, for: 6
[28/12/2016 11:28:14] Membership not in sync: 0 vs 1, for: 6
[28/12/2016 11:28:14] Membership not in sync: 0 vs 1, for: 6
[28/12/2016 11:28:14] Membership not in sync: 0 vs 1, for: 6
[28/12/2016 11:28:14] Membership not in sync: 0 vs 1, for: 6
[28/12/2016 11:28:14] Membership not in sync: 0 vs 1, for: 6
[28/12/2016 11:28:14] Membership not in sync: 0 vs 1, for: 6
[28/12/2016 11:28:14] Membership not in sync: 0 vs 1, for: 6
[28/12/2016 11:28:14] Membership not in sync: 0 vs 1, for: 6
[28/12/2016 11:51:40] Membership not in sync: 0 vs 1, for: 7
[28/12/2016 11:51:40] Membership not in sync: 0 vs 1, for: 7
[28/12/2016 11:51:40] Membership not in sync: 0 vs 1, for: 7
[28/12/2016 11:51:40] Membership not in sync: 0 vs 1, for: 7
[28/12/2016 11:51:40] Membership not in sync: 0 vs 1, for: 7
[28/12/2016 11:51:40] Membership not in sync: 0 vs 1, for: 7
[28/12/2016 11:51:40] Membership not in sync: 0 vs 1, for: 7
[28/12/2016 11:51:40] Membership not in sync: 0 vs 1, for: 7
[28/12/2016 11:51:40] Membership not in sync: 0 vs 1, for: 7
[28/12/2016 11:57:12] Membership not in sync: 0 vs 1, for: 8
[28/12/2016 11:57:12] Membership not in sync: 0 vs 1, for: 8
[28/12/2016 11:57:12] Membership not in sync: 0 vs 1, for: 8
[28/12/2016 11:57:12] Membership not in sync: 0 vs 1, for: 8
[28/12/2016 11:57:12] Membership not in sync: 0 vs 1, for: 8
[28/12/2016 11:57:12] Membership not in sync: 0 vs 1, for: 8
[28/12/2016 11:57:12] Membership not in sync: 0 vs 1, for: 8
[28/12/2016 11:57:12] Membership not in sync: 0 vs 1, for: 8
[28/12/2016 11:57:12] Membership not in sync: 0 vs 1, for: 8
[28/12/2016 11:58:31] Membership not in sync: 0 vs 1, for: 9
[28/12/2016 11:58:31] Membership not in sync: 0 vs 1, for: 9
[28/12/2016 11:58:31] Membership not in sync: 0 vs 1, for: 9
[28/12/2016 11:58:31] Membership not in sync: 0 vs 1, for: 9
[28/12/2016 11:58:31] Membership not in sync: 0 vs 1, for: 9
[28/12/2016 11:58:31] Membership not in sync: 0 vs 1, for: 9
[28/12/2016 11:58:31] Membership not in sync: 0 vs 1, for: 9
[28/12/2016 11:58:31] Membership not in sync: 0 vs 1, for: 9
[28/12/2016 11:58:31] Membership not in sync: 0 vs 1, for: 9
[28/12/2016 12:02:22] Membership not in sync: 0 vs 1, for: 10
[28/12/2016 12:02:22] Membership not in sync: 0 vs 1, for: 10
[28/12/2016 12:02:22] Membership not in sync: 0 vs 1, for: 10
[28/12/2016 12:02:22] Membership not in sync: 0 vs 1, for: 10
[28/12/2016 12:02:22] Membership not in sync: 0 vs 1, for: 10
[28/12/2016 12:02:22] Membership not in sync: 0 vs 1, for: 10
[28/12/2016 12:02:22] Membership not in sync: 0 vs 1, for: 10
[28/12/2016 12:02:22] Membership not in sync: 0 vs 1, for: 10
[28/12/2016 12:02:22] Membership not in sync: 0 vs 1, for: 10
[28/12/2016 12:17:31] Membership not in sync: 0 vs 1, for: 11
[28/12/2016 12:17:31] Membership not in sync: 0 vs 1, for: 11
[28/12/2016 12:17:31] Membership not in sync: 0 vs 1, for: 11
[28/12/2016 12:17:31] Membership not in sync: 0 vs 1, for: 11
[28/12/2016 12:17:31] Membership not in sync: 0 vs 1, for: 11
[28/12/2016 12:17:31] Membership not in sync: 0 vs 1, for: 11
[28/12/2016 12:17:31] Membership not in sync: 0 vs 1, for: 11
[28/12/2016 12:17:31] Membership not in sync: 0 vs 1, for: 11
[28/12/2016 12:17:31] Membership not in sync: 0 vs 1, for: 11
[28/12/2016 12:32:14] Membership not in sync: 0 vs 1, for: 12
[28/12/2016 12:32:14] Membership not in sync: 0 vs 1, for: 12
[28/12/2016 12:32:14] Membership not in sync: 0 vs 1, for: 12
[28/12/2016 12:32:14] Membership not in sync: 0 vs 1, for: 12
[28/12/2016 12:32:14] Membership not in sync: 0 vs 1, for: 12
[28/12/2016 12:32:14] Membership not in sync: 0 vs 1, for: 12
[28/12/2016 12:32:14] Membership not in sync: 0 vs 1, for: 12
[28/12/2016 12:32:14] Membership not in sync: 0 vs 1, for: 12
[28/12/2016 12:32:14] Membership not in sync: 0 vs 1, for: 12
[28/12/2016 12:57:58] Added faction: The Outta Gum Gang(200, , 0)
[28/12/2016 14:13:46] Membership not in sync: 0 vs 1, for: 13
[28/12/2016 14:13:46] Membership not in sync: 0 vs 1, for: 13
[28/12/2016 14:13:46] Membership not in sync: 0 vs 1, for: 13
[28/12/2016 14:13:46] Membership not in sync: 0 vs 1, for: 13
[28/12/2016 14:13:46] Membership not in sync: 0 vs 1, for: 13
[28/12/2016 14:13:46] Membership not in sync: 0 vs 1, for: 13
[28/12/2016 14:13:46] Membership not in sync: 0 vs 1, for: 13
[28/12/2016 14:13:46] Membership not in sync: 0 vs 1, for: 13
[28/12/2016 14:13:46] Membership not in sync: 0 vs 1, for: 13
[28/12/2016 14:13:46] Membership not in sync: 0 vs 1, for: 13
[28/12/2016 14:18:25] Membership not in sync: 0 vs 1, for: 14
[28/12/2016 14:18:25] Membership not in sync: 0 vs 1, for: 14
[28/12/2016 14:18:25] Membership not in sync: 0 vs 1, for: 14
[28/12/2016 14:18:25] Membership not in sync: 0 vs 1, for: 14
[28/12/2016 14:18:25] Membership not in sync: 0 vs 1, for: 14
[28/12/2016 14:18:25] Membership not in sync: 0 vs 1, for: 14
[28/12/2016 14:18:25] Membership not in sync: 0 vs 1, for: 14
[28/12/2016 14:18:25] Membership not in sync: 0 vs 1, for: 14
[28/12/2016 14:18:25] Membership not in sync: 0 vs 1, for: 14
[28/12/2016 14:18:25] Membership not in sync: 0 vs 1, for: 14
[28/12/2016 15:03:06] Membership not in sync: 0 vs 1, for: 15
[28/12/2016 15:03:06] Membership not in sync: 0 vs 1, for: 15
[28/12/2016 15:03:06] Membership not in sync: 0 vs 1, for: 15
[28/12/2016 15:03:06] Membership not in sync: 0 vs 1, for: 15
[28/12/2016 15:03:06] Membership not in sync: 0 vs 1, for: 15
[28/12/2016 15:03:06] Membership not in sync: 0 vs 1, for: 15
[28/12/2016 15:03:06] Membership not in sync: 0 vs 1, for: 15
[28/12/2016 15:03:06] Membership not in sync: 0 vs 1, for: 15
[28/12/2016 15:03:06] Membership not in sync: 0 vs 1, for: 15
[28/12/2016 15:03:06] Membership not in sync: 0 vs 1, for: 15
[29/12/2016 19:25:46] Added faction: Unknown(0, , 0)
[29/12/2016 19:25:46] Added faction: None(1, , 0)
[29/12/2016 19:25:46] Added faction: Brotherhood Of Steel(2, , 0)
[29/12/2016 19:25:46] Added faction: Enclave(3, , 0)
[29/12/2016 19:25:46] Added faction: The Unity(4, , 0)
[29/12/2016 19:25:46] Added faction: New California Republic(5, , 0)
[29/12/2016 19:25:46] Added faction: Vault City(6, , 0)
[29/12/2016 19:25:46] Added faction: Raiders(7, , 0)
[29/12/2016 19:25:46] Added faction: The Mordinos(8, , 0)
[29/12/2016 19:25:46] Added faction: The Tanker Vagrants(21, , 0)
[29/12/2016 19:25:46] Added faction: The Redding Guttersnipes(35, , 0)
[29/12/2016 19:25:46] Added faction: The Outta Gum Gang(200, , 6)
[22/3/2017 15:47:01] Added faction: Unknown(0, , 0)
[22/3/2017 15:47:01] Added faction: None(1, , 0)
[22/3/2017 15:47:01] Added faction: Brotherhood Of Steel(2, , 0)
[22/3/2017 15:47:01] Added faction: Enclave(3, , 0)
[22/3/2017 15:47:01] Added faction: The Unity(4, , 0)
[22/3/2017 15:47:01] Added faction: New California Republic(5, , 0)
[22/3/2017 15:47:01] Added faction: Vault City(6, , 0)
[22/3/2017 15:47:01] Added faction: Raiders(7, , 0)
[22/3/2017 15:47:01] Added faction: The Mordinos(8, , 0)
[22/3/2017 15:47:01] Added faction: The Tanker Vagrants(21, , 0)
[22/3/2017 15:47:01] Added faction: The Redding Guttersnipes(35, , 0)
[22/3/2017 15:47:01] Added faction: The Outta Gum Gang(200, , 6)
[22/3/2017 16:21:29] Added faction: Unknown(0, , 0)
[22/3/2017 16:21:29] Added faction: None(1, , 0)
[22/3/2017 16:21:29] Added faction: Brotherhood Of Steel(2, , 0)
[22/3/2017 16:21:29] Added faction: Enclave(3, , 0)
[22/3/2017 16:21:29] Added faction: The Unity(4, , 0)
[22/3/2017 16:21:29] Added faction: New California Republic(5, , 0)
[22/3/2017 16:21:29] Added faction: Vault City(6, , 0)
[22/3/2017 16:21:29] Added faction: Raiders(7, , 0)
[22/3/2017 16:21:29] Added faction: The Mordinos(8, , 0)
[22/3/2017 16:21:29] Added faction: The Tanker Vagrants(21, , 0)
[22/3/2017 16:21:29] Added faction: The Redding Guttersnipes(35, , 0)
[22/3/2017 16:21:29] Added faction: The Outta Gum Gang(200, , 6)
[5/9/2017 12:59:44] Added faction: Unknown(0, , 0)
[5/9/2017 12:59:44] Added faction: None(1, , 0)
[5/9/2017 12:59:44] Added faction: Brotherhood Of Steel(2, , 0)
[5/9/2017 12:59:44] Added faction: Enclave(3, , 0)
[5/9/2017 12:59:44] Added faction: The Unity(4, , 0)
[5/9/2017 12:59:44] Added faction: New California Republic(5, , 0)
[5/9/2017 12:59:44] Added faction: Vault City(6, , 0)
[5/9/2017 12:59:44] Added faction: Raiders(7, , 0)
[5/9/2017 12:59:44] Added faction: Mordinos(8, , 0)
[5/9/2017 12:59:44] Added faction: The Tanker Vagrants(21, , 0)
[5/9/2017 12:59:44] Added faction: The Redding Guttersnipes(35, , 0)
[5/9/2017 13:49:16] Added faction: Unknown(0, , 0)
[5/9/2017 13:49:16] Added faction: None(1, , 0)
[5/9/2017 13:49:16] Added faction: Brotherhood Of Steel(2, , 0)
[5/9/2017 13:49:16] Added faction: Enclave(3, , 0)
[5/9/2017 13:49:16] Added faction: The Unity(4, , 0)
[5/9/2017 13:49:16] Added faction: New California Republic(5, , 0)
[5/9/2017 13:49:16] Added faction: Vault City(6, , 0)
[5/9/2017 13:49:16] Added faction: Raiders(7, , 0)
[5/9/2017 13:49:16] Added faction: The Mordinos(8, , 0)
[5/9/2017 13:49:16] Added faction: The Tanker Vagrants(21, , 0)
[5/9/2017 13:49:16] Added faction: The Redding Guttersnipes(35, , 0)
[5/9/2017 13:52:08] Added faction: Unknown(0, , 0)
[5/9/2017 13:52:08] Added faction: None(1, , 0)
[5/9/2017 13:52:08] Added faction: Brotherhood Of Steel(2, , 0)
[5/9/2017 13:52:08] Added faction: Enclave(3, , 0)
[5/9/2017 13:52:08] Added faction: The Unity(4, , 0)
[5/9/2017 13:52:08] Added faction: New California Republic(5, , 0)
[5/9/2017 13:52:08] Added faction: Vault City(6, , 0)
[5/9/2017 13:52:08] Added faction: Raiders(7, , 0)
[5/9/2017 13:52:08] Added faction: The Mordinos(8, , 0)
[5/9/2017 13:52:08] Added faction: The Tanker Vagrants(21, , 0)
[5/9/2017 13:52:08] Added faction: The Redding Guttersnipes(35, , 0)
[5/9/2017 14:05:45] Membership not in sync: 0 vs 1, for: 1
[5/9/2017 14:05:45] Membership not in sync: 0 vs 1, for: 1
[5/9/2017 14:05:45] Membership not in sync: 0 vs 1, for: 1
[5/9/2017 14:05:45] Membership not in sync: 0 vs 1, for: 1
[5/9/2017 14:05:45] Membership not in sync: 0 vs 1, for: 1
[5/9/2017 14:05:45] Membership not in sync: 0 vs 1, for: 1
[5/9/2017 14:05:45] Membership not in sync: 0 vs 1, for: 1
[5/9/2017 14:05:45] Membership not in sync: 0 vs 1, for: 1
[5/9/2017 14:05:45] Membership not in sync: 0 vs 1, for: 1
[5/9/2017 15:29:15] Added faction: Unknown(0, , 0)
[5/9/2017 15:29:15] Added faction: None(1, , 0)
[5/9/2017 15:29:15] Added faction: Brotherhood Of Steel(2, , 0)
[5/9/2017 15:29:15] Added faction: Enclave(3, , 0)
[5/9/2017 15:29:16] Added faction: The Unity(4, , 0)
[5/9/2017 15:29:16] Added faction: New California Republic(5, , 0)
[5/9/2017 15:29:16] Added faction: Vault City(6, , 0)
[5/9/2017 15:29:16] Added faction: Raiders(7, , 0)
[5/9/2017 15:29:16] Added faction: The Mordinos(8, , 0)
[5/9/2017 15:29:16] Added faction: The Tanker Vagrants(21, , 0)
[5/9/2017 15:29:16] Added faction: The Redding Guttersnipes(35, , 0)
[5/9/2017 18:09:06] Added faction: Unknown(0, , 0)
[5/9/2017 18:09:06] Added faction: None(1, , 0)
[5/9/2017 18:09:06] Added faction: Brotherhood Of Steel(2, , 0)
[5/9/2017 18:09:07] Added faction: Enclave(3, , 0)
[5/9/2017 18:09:07] Added faction: The Unity(4, , 0)
[5/9/2017 18:09:07] Added faction: New California Republic(5, , 0)
[5/9/2017 18:09:07] Added faction: Vault City(6, , 0)
[5/9/2017 18:09:07] Added faction: Raiders(7, , 0)
[5/9/2017 18:09:07] Added faction: The Mordinos(8, , 0)
[5/9/2017 18:09:07] Added faction: The Tanker Vagrants(21, , 0)
[5/9/2017 18:09:07] Added faction: The Redding Guttersnipes(35, , 0)
[5/9/2017 19:14:23] Added faction: Unknown(0, , 0)
[5/9/2017 19:14:23] Added faction: None(1, , 0)
[5/9/2017 19:14:23] Added faction: Brotherhood Of Steel(2, , 0)
[5/9/2017 19:14:23] Added faction: Enclave(3, , 0)
[5/9/2017 19:14:23] Added faction: The Unity(4, , 0)
[5/9/2017 19:14:23] Added faction: New California Republic(5, , 0)
[5/9/2017 19:14:23] Added faction: Vault City(6, , 0)
[5/9/2017 19:14:23] Added faction: Raiders(7, , 0)
[5/9/2017 19:14:23] Added faction: The Mordinos(8, , 0)
[5/9/2017 19:14:23] Added faction: The Tanker Vagrants(21, , 0)
[5/9/2017 19:14:23] Added faction: The Redding Guttersnipes(35, , 0)
[5/9/2017 19:40:32] Added faction: Unknown(0, , 0)
[5/9/2017 19:40:32] Added faction: None(1, , 0)
[5/9/2017 19:40:32] Added faction: Brotherhood Of Steel(2, , 0)
[5/9/2017 19:40:32] Added faction: Enclave(3, , 0)
[5/9/2017 19:40:32] Added faction: The Unity(4, , 0)
[5/9/2017 19:40:32] Added faction: New California Republic(5, , 0)
[5/9/2017 19:40:32] Added faction: Vault City(6, , 0)
[5/9/2017 19:40:32] Added faction: Raiders(7, , 0)
[5/9/2017 19:40:32] Added faction: The Mordinos(8, , 0)
[5/9/2017 19:40:32] Added faction: The Tanker Vagrants(21, , 0)
[5/9/2017 19:40:32] Added faction: The Redding Guttersnipes(35, , 0)
[5/9/2017 20:02:11] Added faction: Unknown(0, , 0)
[5/9/2017 20:02:11] Added faction: None(1, , 0)
[5/9/2017 20:02:11] Added faction: Brotherhood Of Steel(2, , 0)
[5/9/2017 20:02:11] Added faction: Enclave(3, , 0)
[5/9/2017 20:02:11] Added faction: The Unity(4, , 0)
[5/9/2017 20:02:11] Added faction: New California Republic(5, , 0)
[5/9/2017 20:02:11] Added faction: Vault City(6, , 0)
[5/9/2017 20:02:11] Added faction: Raiders(7, , 0)
[5/9/2017 20:02:11] Added faction: The Mordinos(8, , 0)
[5/9/2017 20:02:11] Added faction: The Tanker Vagrants(21, , 0)
[5/9/2017 20:02:11] Added faction: The Redding Guttersnipes(35, , 0)
[5/9/2017 20:30:45] Added faction: Unknown(0, , 0)
[5/9/2017 20:30:45] Added faction: None(1, , 0)
[5/9/2017 20:30:45] Added faction: Brotherhood Of Steel(2, , 0)
[5/9/2017 20:30:45] Added faction: Enclave(3, , 0)
[5/9/2017 20:30:45] Added faction: The Unity(4, , 0)
[5/9/2017 20:30:45] Added faction: New California Republic(5, , 0)
[5/9/2017 20:30:45] Added faction: Vault City(6, , 0)
[5/9/2017 20:30:45] Added faction: Raiders(7, , 0)
[5/9/2017 20:30:45] Added faction: The Mordinos(8, , 0)
[5/9/2017 20:30:45] Added faction: The Tanker Vagrants(21, , 0)
[5/9/2017 20:30:45] Added faction: The Redding Guttersnipes(35, , 0)
