[7/8/2016 02:37:15] Butcher(1) perk: 309 at level 6
[7/8/2016 02:52:32] Butcher(1) perk: 438 at level 12
[7/8/2016 02:59:32] Chain(2) perk: 313 at level 10
[7/8/2016 03:00:05] Chain(2) perk: 438 at level 14
[7/8/2016 03:02:53] Kilgore(3) perk: 309 at level 10
[7/8/2016 03:03:08] Kilgore(3) perk: 424 at level 14
[7/8/2016 03:03:33] Kilgore(3) perk: 329 at level 17
[7/8/2016 03:03:49] Kilgore(3) perk: 322 at level 20
[7/8/2016 03:04:10] Kilgore(3) perk: 306 at level 22
[7/8/2016 03:04:29] Kilgore(3) perk: 329 at level 25
[7/8/2016 03:45:35] Herpy(4) perk: 309 at level 5
[7/8/2016 03:46:14] Herpy(4) perk: 424 at level 9
[7/8/2016 03:46:49] Herpy(4) perk: 329 at level 13
[7/8/2016 03:47:03] Herpy(4) perk: 329 at level 16
[7/8/2016 03:47:26] Herpy(4) perk: 322 at level 19
[7/8/2016 03:47:38] Herpy(4) perk: 306 at level 21
[7/8/2016 03:48:20] Herpy(4) perk: 425 at level 24
[28/12/2016 11:43:30] Butcher(6) perk: 309 at level 6
[28/12/2016 11:46:48] Butcher(6) perk: 402 at level 9
[28/12/2016 11:47:13] Butcher(6) perk: 424 at level 14
[28/12/2016 11:47:36] Butcher(6) perk: 402 at level 17
[28/12/2016 11:48:07] Butcher(6) perk: 329 at level 20
[28/12/2016 11:48:35] Butcher(6) perk: 306 at level 23
[28/12/2016 12:08:45] Butcher(9) perk: 309 at level 3
[28/12/2016 12:09:36] Butcher(9) perk: 424 at level 6
[28/12/2016 12:10:41] Butcher(9) perk: 305 at level 10
[28/12/2016 12:11:19] Butcher(9) perk: 305 at level 12
[28/12/2016 12:12:04] Butcher(9) perk: 329 at level 16
[28/12/2016 12:12:30] Butcher(9) perk: 306 at level 18
[28/12/2016 12:14:40] Butcher(9) perk: 428 at level 22
[28/12/2016 12:15:41] Butcher(9) perk: 445 at level 25
[28/12/2016 12:28:37] Hurr(11) perk: 403 at level 4
[28/12/2016 12:29:26] Hurr(11) perk: 313 at level 6
[28/12/2016 12:30:21] Hurr(11) perk: 309 at level 9
[28/12/2016 12:43:33] Durr(12) perk: 309 at level 5
[28/12/2016 12:44:50] Durr(12) perk: 424 at level 8
[28/12/2016 12:45:13] Durr(12) perk: 402 at level 9
[28/12/2016 12:47:12] Durr(12) perk: 329 at level 12
[28/12/2016 12:48:11] Durr(12) perk: 402 at level 15
[28/12/2016 12:49:07] Durr(12) perk: 329 at level 18
[28/12/2016 12:49:46] Durr(12) perk: 306 at level 21
[28/12/2016 12:50:26] Durr(12) perk: 438 at level 24
[28/12/2016 14:18:31] Khans Are Shit(13) perk: 380 at level 3
[28/12/2016 14:19:51] Khans Are Shit(13) perk: 424 at level 6
[28/12/2016 14:21:20] Butchie(14) perk: 309 at level 3
[28/12/2016 14:21:27] Khans Are Shit(13) perk: 438 at level 9
[28/12/2016 14:22:30] Butchie(14) perk: 349 at level 6
[28/12/2016 14:22:49] Khans Are Shit(13) perk: 322 at level 12
[28/12/2016 14:22:59] Butchie(14) perk: 424 at level 9
[28/12/2016 14:23:30] Butchie(14) perk: 405 at level 12
[28/12/2016 14:23:53] Butchie(14) perk: 380 at level 15
[28/12/2016 14:23:55] Khans Are Shit(13) perk: 309 at level 15
[28/12/2016 14:24:12] Butchie(14) perk: 306 at level 18
[28/12/2016 14:24:30] Khans Are Shit(13) perk: 306 at level 18
[28/12/2016 14:24:49] Butchie(14) perk: 438 at level 21
[28/12/2016 14:25:12] Butchie(14) perk: 329 at level 24
[28/12/2016 14:25:46] Khans Are Shit(13) perk: 428 at level 21
[28/12/2016 14:26:54] Khans Are Shit(13) perk: 423 at level 24
[28/12/2016 15:04:02] Butch(15) perk: 380 at level 3
[28/12/2016 15:08:21] Butch(15) perk: 313 at level 6
[28/12/2016 15:08:40] Butch(15) perk: 438 at level 9
[28/12/2016 15:12:20] Butch(15) perk: 329 at level 12
[28/12/2016 15:12:58] Butch(15) perk: 329 at level 15
[28/12/2016 15:13:17] Butch(15) perk: 306 at level 18
[28/12/2016 15:13:43] Butch(15) perk: 405 at level 21
[28/12/2016 15:14:13] Butch(15) perk: 423 at level 24
